ARM GAS  C:\Users\pajoh\AppData\Local\Temp\ccIvJP6l.s 			page 1


   1              		.syntax unified
   2              		.cpu cortex-m3
   3              		.fpu softvfp
   4              		.eabi_attribute 20, 1
   5              		.eabi_attribute 21, 1
   6              		.eabi_attribute 23, 3
   7              		.eabi_attribute 24, 1
   8              		.eabi_attribute 25, 1
   9              		.eabi_attribute 26, 1
  10              		.eabi_attribute 30, 1
  11              		.eabi_attribute 34, 1
  12              		.eabi_attribute 18, 4
  13              		.thumb
  14              		.syntax unified
  15              		.file	"cymetadata.c"
  16              		.text
  17              	.Ltext0:
  18              		.cfi_sections	.debug_frame
  19              		.global	cy_metadata
  20              		.global	cy_meta_flashprotect
  21              		.global	cy_meta_wonvl
  22              		.global	cy_meta_custnvl
  23              		.global	cy_meta_configecc
  24              		.section	.cyconfigecc,"a",%progbits
  25              		.align	2
  26              		.type	cy_meta_configecc, %object
  27              		.size	cy_meta_configecc, 280
  28              	cy_meta_configecc:
  29 0000 01       		.byte	1
  30 0001 45       		.byte	69
  31 0002 00       		.byte	0
  32 0003 40       		.byte	64
  33 0004 01       		.byte	1
  34 0005 52       		.byte	82
  35 0006 00       		.byte	0
  36 0007 40       		.byte	64
  37 0008 02       		.byte	2
  38 0009 01       		.byte	1
  39 000a 01       		.byte	1
  40 000b 40       		.byte	64
  41 000c 01       		.byte	1
  42 000d 03       		.byte	3
  43 000e 01       		.byte	1
  44 000f 40       		.byte	64
  45 0010 01       		.byte	1
  46 0011 09       		.byte	9
  47 0012 01       		.byte	1
  48 0013 40       		.byte	64
  49 0014 04       		.byte	4
  50 0015 0A       		.byte	10
  51 0016 01       		.byte	1
  52 0017 40       		.byte	64
  53 0018 01       		.byte	1
  54 0019 0B       		.byte	11
  55 001a 01       		.byte	1
  56 001b 40       		.byte	64
  57 001c 01       		.byte	1
ARM GAS  C:\Users\pajoh\AppData\Local\Temp\ccIvJP6l.s 			page 2


  58 001d 0D       		.byte	13
  59 001e 01       		.byte	1
  60 001f 40       		.byte	64
  61 0020 02       		.byte	2
  62 0021 0F       		.byte	15
  63 0022 01       		.byte	1
  64 0023 40       		.byte	64
  65 0024 01       		.byte	1
  66 0025 15       		.byte	21
  67 0026 01       		.byte	1
  68 0027 40       		.byte	64
  69 0028 01       		.byte	1
  70 0029 1B       		.byte	27
  71 002a 01       		.byte	1
  72 002b 40       		.byte	64
  73 002c 09       		.byte	9
  74 002d 40       		.byte	64
  75 002e 01       		.byte	1
  76 002f 40       		.byte	64
  77 0030 05       		.byte	5
  78 0031 41       		.byte	65
  79 0032 01       		.byte	1
  80 0033 40       		.byte	64
  81 0034 01       		.byte	1
  82 0035 42       		.byte	66
  83 0036 01       		.byte	1
  84 0037 40       		.byte	64
  85 0038 01       		.byte	1
  86 0039 43       		.byte	67
  87 003a 01       		.byte	1
  88 003b 40       		.byte	64
  89 003c 05       		.byte	5
  90 003d 44       		.byte	68
  91 003e 01       		.byte	1
  92 003f 40       		.byte	64
  93 0040 04       		.byte	4
  94 0041 45       		.byte	69
  95 0042 01       		.byte	1
  96 0043 40       		.byte	64
  97 0044 06       		.byte	6
  98 0045 46       		.byte	70
  99 0046 01       		.byte	1
 100 0047 40       		.byte	64
 101 0048 0A       		.byte	10
 102 0049 47       		.byte	71
 103 004a 01       		.byte	1
 104 004b 40       		.byte	64
 105 004c 04       		.byte	4
 106 004d 48       		.byte	72
 107 004e 01       		.byte	1
 108 004f 40       		.byte	64
 109 0050 02       		.byte	2
 110 0051 49       		.byte	73
 111 0052 01       		.byte	1
 112 0053 40       		.byte	64
 113 0054 01       		.byte	1
 114 0055 4C       		.byte	76
ARM GAS  C:\Users\pajoh\AppData\Local\Temp\ccIvJP6l.s 			page 3


 115 0056 01       		.byte	1
 116 0057 40       		.byte	64
 117 0058 02       		.byte	2
 118 0059 4D       		.byte	77
 119 005a 01       		.byte	1
 120 005b 40       		.byte	64
 121 005c 01       		.byte	1
 122 005d 50       		.byte	80
 123 005e 01       		.byte	1
 124 005f 40       		.byte	64
 125 0060 02       		.byte	2
 126 0061 51       		.byte	81
 127 0062 01       		.byte	1
 128 0063 40       		.byte	64
 129 0064 7E       		.byte	126
 130 0065 02       		.byte	2
 131 0066 7C       		.byte	124
 132 0067 40       		.byte	64
 133 0068 E2       		.byte	-30
 134 0069 08       		.byte	8
 135 006a E6       		.byte	-26
 136 006b 10       		.byte	16
 137 006c E2       		.byte	-30
 138 006d 0A       		.byte	10
 139 006e B5       		.byte	-75
 140 006f 02       		.byte	2
 141 0070 B8       		.byte	-72
 142 0071 02       		.byte	2
 143 0072 BE       		.byte	-66
 144 0073 01       		.byte	1
 145 0074 D8       		.byte	-40
 146 0075 04       		.byte	4
 147 0076 DF       		.byte	-33
 148 0077 01       		.byte	1
 149 0078 1D       		.byte	29
 150 0079 02       		.byte	2
 151 007a E2       		.byte	-30
 152 007b 0A       		.byte	10
 153 007c E2       		.byte	-30
 154 007d 08       		.byte	8
 155 007e E6       		.byte	-26
 156 007f 10       		.byte	16
 157 0080 EC       		.byte	-20
 158 0081 20       		.byte	32
 159 0082 EC       		.byte	-20
 160 0083 20       		.byte	32
 161 0084 32       		.byte	50
 162 0085 22       		.byte	34
 163 0086 35       		.byte	53
 164 0087 80       		.byte	-128
 165 0088 37       		.byte	55
 166 0089 04       		.byte	4
 167 008a 3B       		.byte	59
 168 008b 10       		.byte	16
 169 008c 85       		.byte	-123
 170 008d 80       		.byte	-128
 171 008e 8F       		.byte	-113
ARM GAS  C:\Users\pajoh\AppData\Local\Temp\ccIvJP6l.s 			page 4


 172 008f 04       		.byte	4
 173 0090 CC       		.byte	-52
 174 0091 F0       		.byte	-16
 175 0092 CE       		.byte	-50
 176 0093 10       		.byte	16
 177 0094 E2       		.byte	-30
 178 0095 10       		.byte	16
 179 0096 86       		.byte	-122
 180 0097 02       		.byte	2
 181 0098 87       		.byte	-121
 182 0099 10       		.byte	16
 183 009a 97       		.byte	-105
 184 009b 10       		.byte	16
 185 009c A6       		.byte	-90
 186 009d 22       		.byte	34
 187 009e E2       		.byte	-30
 188 009f 50       		.byte	80
 189 00a0 A6       		.byte	-90
 190 00a1 20       		.byte	32
 191 00a2 A6       		.byte	-90
 192 00a3 20       		.byte	32
 193 00a4 7C       		.byte	124
 194 00a5 01       		.byte	1
 195 00a6 87       		.byte	-121
 196 00a7 10       		.byte	16
 197 00a8 8F       		.byte	-113
 198 00a9 01       		.byte	1
 199 00aa DE       		.byte	-34
 200 00ab 01       		.byte	1
 201 00ac E6       		.byte	-26
 202 00ad 08       		.byte	8
 203 00ae 84       		.byte	-124
 204 00af 08       		.byte	8
 205 00b0 86       		.byte	-122
 206 00b1 01       		.byte	1
 207 00b2 94       		.byte	-108
 208 00b3 01       		.byte	1
 209 00b4 97       		.byte	-105
 210 00b5 11       		.byte	17
 211 00b6 46       		.byte	70
 212 00b7 10       		.byte	16
 213 00b8 94       		.byte	-108
 214 00b9 01       		.byte	1
 215 00ba 96       		.byte	-106
 216 00bb 01       		.byte	1
 217 00bc 97       		.byte	-105
 218 00bd 11       		.byte	17
 219 00be A4       		.byte	-92
 220 00bf 08       		.byte	8
 221 00c0 D0       		.byte	-48
 222 00c1 01       		.byte	1
 223 00c2 0B       		.byte	11
 224 00c3 11       		.byte	17
 225 00c4 0C       		.byte	12
 226 00c5 08       		.byte	8
 227 00c6 0E       		.byte	14
 228 00c7 01       		.byte	1
ARM GAS  C:\Users\pajoh\AppData\Local\Temp\ccIvJP6l.s 			page 5


 229 00c8 96       		.byte	-106
 230 00c9 01       		.byte	1
 231 00ca 97       		.byte	-105
 232 00cb 11       		.byte	17
 233 00cc 9E       		.byte	-98
 234 00cd 10       		.byte	16
 235 00ce A4       		.byte	-92
 236 00cf 08       		.byte	8
 237 00d0 B4       		.byte	-76
 238 00d1 01       		.byte	1
 239 00d2 C2       		.byte	-62
 240 00d3 0F       		.byte	15
 241 00d4 EC       		.byte	-20
 242 00d5 08       		.byte	8
 243 00d6 22       		.byte	34
 244 00d7 01       		.byte	1
 245 00d8 27       		.byte	39
 246 00d9 01       		.byte	1
 247 00da A6       		.byte	-90
 248 00db 20       		.byte	32
 249 00dc C8       		.byte	-56
 250 00dd 60       		.byte	96
 251 00de AE       		.byte	-82
 252 00df 21       		.byte	33
 253 00e0 B3       		.byte	-77
 254 00e1 01       		.byte	1
 255 00e2 9E       		.byte	-98
 256 00e3 10       		.byte	16
 257 00e4 B2       		.byte	-78
 258 00e5 10       		.byte	16
 259 00e6 EC       		.byte	-20
 260 00e7 04       		.byte	4
 261 00e8 02       		.byte	2
 262 00e9 14       		.byte	20
 263 00ea 00       		.byte	0
 264 00eb AB       		.byte	-85
 265 00ec 01       		.byte	1
 266 00ed 02       		.byte	2
 267 00ee 00       		.byte	0
 268 00ef 00       		.byte	0
 269 00f0 40       		.byte	64
 270 00f1 00       		.byte	0
 271 00f2 00       		.byte	0
 272 00f3 00       		.byte	0
 273 00f4 00       		.byte	0
 274 00f5 00       		.byte	0
 275 00f6 00       		.byte	0
 276 00f7 00       		.byte	0
 277 00f8 C0       		.byte	-64
 278 00f9 00       		.byte	0
 279 00fa 00       		.byte	0
 280 00fb 00       		.byte	0
 281 00fc 00       		.byte	0
 282 00fd 0B       		.byte	11
 283 00fe 0B       		.byte	11
 284 00ff 00       		.byte	0
 285 0100 00       		.byte	0
ARM GAS  C:\Users\pajoh\AppData\Local\Temp\ccIvJP6l.s 			page 6


 286 0101 00       		.byte	0
 287 0102 00       		.byte	0
 288 0103 00       		.byte	0
 289 0104 04       		.byte	4
 290 0105 00       		.byte	0
 291 0106 00       		.byte	0
 292 0107 00       		.byte	0
 293 0108 00       		.byte	0
 294 0109 00       		.byte	0
 295 010a 00       		.byte	0
 296 010b 00       		.byte	0
 297 010c 00       		.byte	0
 298 010d 00       		.byte	0
 299 010e 00       		.byte	0
 300 010f 00       		.byte	0
 301 0110 00       		.byte	0
 302 0111 00       		.byte	0
 303 0112 08       		.byte	8
 304 0113 00       		.byte	0
 305 0114 16       		.byte	22
 306 0115 00       		.byte	0
 307 0116 18       		.byte	24
 308 0117 01       		.byte	1
 309              		.section	.cywolatch,"a",%progbits
 310              		.align	2
 311              		.type	cy_meta_wonvl, %object
 312              		.size	cy_meta_wonvl, 4
 313              	cy_meta_wonvl:
 314 0000 BC       		.byte	-68
 315 0001 90       		.byte	-112
 316 0002 AC       		.byte	-84
 317 0003 AF       		.byte	-81
 318              		.section	.cycustnvl,"a",%progbits
 319              		.align	2
 320              		.type	cy_meta_custnvl, %object
 321              		.size	cy_meta_custnvl, 4
 322              	cy_meta_custnvl:
 323 0000 00       		.byte	0
 324 0001 00       		.byte	0
 325 0002 40       		.byte	64
 326 0003 05       		.byte	5
 327              		.section	.cymeta,"a",%progbits
 328              		.align	2
 329              		.type	cy_metadata, %object
 330              		.size	cy_metadata, 12
 331              	cy_metadata:
 332 0000 00       		.byte	0
 333 0001 01       		.byte	1
 334 0002 2E       		.byte	46
 335 0003 16       		.byte	22
 336 0004 10       		.byte	16
 337 0005 69       		.byte	105
 338 0006 00       		.byte	0
 339 0007 01       		.byte	1
 340 0008 00       		.byte	0
 341 0009 00       		.byte	0
 342 000a 00       		.byte	0
ARM GAS  C:\Users\pajoh\AppData\Local\Temp\ccIvJP6l.s 			page 7


 343 000b 00       		.byte	0
 344              		.section	.cyflashprotect,"a",%progbits
 345              		.align	2
 346              		.type	cy_meta_flashprotect, %object
 347              		.size	cy_meta_flashprotect, 256
 348              	cy_meta_flashprotect:
 349 0000 00000000 		.space	256
 349      00000000 
 349      00000000 
 349      00000000 
 349      00000000 
 350              		.text
 351              	.Letext0:
 352              		.file 1 "c:\\program files (x86)\\cypress\\psoc creator\\4.2\\psoc creator\\import\\gnu\\arm\\5.4.
 353              		.file 2 "c:\\program files (x86)\\cypress\\psoc creator\\4.2\\psoc creator\\import\\gnu\\arm\\5.4.
 354              		.file 3 "Generated_Source\\PSoC5\\cymetadata.c"
 355              		.section	.debug_info,"",%progbits
 356              	.Ldebug_info0:
 357 0000 31010000 		.4byte	0x131
 358 0004 0400     		.2byte	0x4
 359 0006 00000000 		.4byte	.Ldebug_abbrev0
 360 000a 04       		.byte	0x4
 361 000b 01       		.uleb128 0x1
 362 000c 61000000 		.4byte	.LASF17
 363 0010 0C       		.byte	0xc
 364 0011 BB010000 		.4byte	.LASF18
 365 0015 16000000 		.4byte	.LASF19
 366 0019 00000000 		.4byte	.Ldebug_line0
 367 001d 02       		.uleb128 0x2
 368 001e 01       		.byte	0x1
 369 001f 06       		.byte	0x6
 370 0020 AF010000 		.4byte	.LASF0
 371 0024 03       		.uleb128 0x3
 372 0025 00000000 		.4byte	.LASF9
 373 0029 01       		.byte	0x1
 374 002a 1D       		.byte	0x1d
 375 002b 2F000000 		.4byte	0x2f
 376 002f 02       		.uleb128 0x2
 377 0030 01       		.byte	0x1
 378 0031 08       		.byte	0x8
 379 0032 53000000 		.4byte	.LASF1
 380 0036 02       		.uleb128 0x2
 381 0037 02       		.byte	0x2
 382 0038 05       		.byte	0x5
 383 0039 9C010000 		.4byte	.LASF2
 384 003d 02       		.uleb128 0x2
 385 003e 02       		.byte	0x2
 386 003f 07       		.byte	0x7
 387 0040 01010000 		.4byte	.LASF3
 388 0044 02       		.uleb128 0x2
 389 0045 04       		.byte	0x4
 390 0046 05       		.byte	0x5
 391 0047 A6010000 		.4byte	.LASF4
 392 004b 02       		.uleb128 0x2
 393 004c 04       		.byte	0x4
 394 004d 07       		.byte	0x7
 395 004e EF000000 		.4byte	.LASF5
ARM GAS  C:\Users\pajoh\AppData\Local\Temp\ccIvJP6l.s 			page 8


 396 0052 02       		.uleb128 0x2
 397 0053 08       		.byte	0x8
 398 0054 05       		.byte	0x5
 399 0055 8E010000 		.4byte	.LASF6
 400 0059 02       		.uleb128 0x2
 401 005a 08       		.byte	0x8
 402 005b 07       		.byte	0x7
 403 005c 43010000 		.4byte	.LASF7
 404 0060 04       		.uleb128 0x4
 405 0061 04       		.byte	0x4
 406 0062 05       		.byte	0x5
 407 0063 696E7400 		.ascii	"int\000"
 408 0067 02       		.uleb128 0x2
 409 0068 04       		.byte	0x4
 410 0069 07       		.byte	0x7
 411 006a 36010000 		.4byte	.LASF8
 412 006e 03       		.uleb128 0x3
 413 006f 5A010000 		.4byte	.LASF10
 414 0073 02       		.byte	0x2
 415 0074 18       		.byte	0x18
 416 0075 24000000 		.4byte	0x24
 417 0079 05       		.uleb128 0x5
 418 007a 91000000 		.4byte	0x91
 419 007e 8A000000 		.4byte	0x8a
 420 0082 06       		.uleb128 0x6
 421 0083 8A000000 		.4byte	0x8a
 422 0087 1701     		.2byte	0x117
 423 0089 00       		.byte	0
 424 008a 02       		.uleb128 0x2
 425 008b 04       		.byte	0x4
 426 008c 07       		.byte	0x7
 427 008d 85010000 		.4byte	.LASF11
 428 0091 07       		.uleb128 0x7
 429 0092 6E000000 		.4byte	0x6e
 430 0096 08       		.uleb128 0x8
 431 0097 24010000 		.4byte	.LASF12
 432 009b 03       		.byte	0x3
 433 009c 1F       		.byte	0x1f
 434 009d A7000000 		.4byte	0xa7
 435 00a1 05       		.uleb128 0x5
 436 00a2 03       		.byte	0x3
 437 00a3 00000000 		.4byte	cy_meta_configecc
 438 00a7 07       		.uleb128 0x7
 439 00a8 79000000 		.4byte	0x79
 440 00ac 05       		.uleb128 0x5
 441 00ad 91000000 		.4byte	0x91
 442 00b1 BC000000 		.4byte	0xbc
 443 00b5 09       		.uleb128 0x9
 444 00b6 8A000000 		.4byte	0x8a
 445 00ba 03       		.byte	0x3
 446 00bb 00       		.byte	0
 447 00bc 08       		.uleb128 0x8
 448 00bd 14010000 		.4byte	.LASF13
 449 00c1 03       		.byte	0x3
 450 00c2 4F       		.byte	0x4f
 451 00c3 CD000000 		.4byte	0xcd
 452 00c7 05       		.uleb128 0x5
ARM GAS  C:\Users\pajoh\AppData\Local\Temp\ccIvJP6l.s 			page 9


 453 00c8 03       		.byte	0x3
 454 00c9 00000000 		.4byte	cy_meta_custnvl
 455 00cd 07       		.uleb128 0x7
 456 00ce AC000000 		.4byte	0xac
 457 00d2 08       		.uleb128 0x8
 458 00d3 77010000 		.4byte	.LASF14
 459 00d7 03       		.byte	0x3
 460 00d8 5D       		.byte	0x5d
 461 00d9 E3000000 		.4byte	0xe3
 462 00dd 05       		.uleb128 0x5
 463 00de 03       		.byte	0x3
 464 00df 00000000 		.4byte	cy_meta_wonvl
 465 00e3 07       		.uleb128 0x7
 466 00e4 AC000000 		.4byte	0xac
 467 00e8 05       		.uleb128 0x5
 468 00e9 91000000 		.4byte	0x91
 469 00ed F8000000 		.4byte	0xf8
 470 00f1 09       		.uleb128 0x9
 471 00f2 8A000000 		.4byte	0x8a
 472 00f6 FF       		.byte	0xff
 473 00f7 00       		.byte	0
 474 00f8 08       		.uleb128 0x8
 475 00f9 62010000 		.4byte	.LASF15
 476 00fd 03       		.byte	0x3
 477 00fe 6B       		.byte	0x6b
 478 00ff 09010000 		.4byte	0x109
 479 0103 05       		.uleb128 0x5
 480 0104 03       		.byte	0x3
 481 0105 00000000 		.4byte	cy_meta_flashprotect
 482 0109 07       		.uleb128 0x7
 483 010a E8000000 		.4byte	0xe8
 484 010e 05       		.uleb128 0x5
 485 010f 91000000 		.4byte	0x91
 486 0113 1E010000 		.4byte	0x11e
 487 0117 09       		.uleb128 0x9
 488 0118 8A000000 		.4byte	0x8a
 489 011c 0B       		.byte	0xb
 490 011d 00       		.byte	0
 491 011e 08       		.uleb128 0x8
 492 011f 0A000000 		.4byte	.LASF16
 493 0123 03       		.byte	0x3
 494 0124 98       		.byte	0x98
 495 0125 2F010000 		.4byte	0x12f
 496 0129 05       		.uleb128 0x5
 497 012a 03       		.byte	0x3
 498 012b 00000000 		.4byte	cy_metadata
 499 012f 07       		.uleb128 0x7
 500 0130 0E010000 		.4byte	0x10e
 501 0134 00       		.byte	0
 502              		.section	.debug_abbrev,"",%progbits
 503              	.Ldebug_abbrev0:
 504 0000 01       		.uleb128 0x1
 505 0001 11       		.uleb128 0x11
 506 0002 01       		.byte	0x1
 507 0003 25       		.uleb128 0x25
 508 0004 0E       		.uleb128 0xe
 509 0005 13       		.uleb128 0x13
ARM GAS  C:\Users\pajoh\AppData\Local\Temp\ccIvJP6l.s 			page 10


 510 0006 0B       		.uleb128 0xb
 511 0007 03       		.uleb128 0x3
 512 0008 0E       		.uleb128 0xe
 513 0009 1B       		.uleb128 0x1b
 514 000a 0E       		.uleb128 0xe
 515 000b 10       		.uleb128 0x10
 516 000c 17       		.uleb128 0x17
 517 000d 00       		.byte	0
 518 000e 00       		.byte	0
 519 000f 02       		.uleb128 0x2
 520 0010 24       		.uleb128 0x24
 521 0011 00       		.byte	0
 522 0012 0B       		.uleb128 0xb
 523 0013 0B       		.uleb128 0xb
 524 0014 3E       		.uleb128 0x3e
 525 0015 0B       		.uleb128 0xb
 526 0016 03       		.uleb128 0x3
 527 0017 0E       		.uleb128 0xe
 528 0018 00       		.byte	0
 529 0019 00       		.byte	0
 530 001a 03       		.uleb128 0x3
 531 001b 16       		.uleb128 0x16
 532 001c 00       		.byte	0
 533 001d 03       		.uleb128 0x3
 534 001e 0E       		.uleb128 0xe
 535 001f 3A       		.uleb128 0x3a
 536 0020 0B       		.uleb128 0xb
 537 0021 3B       		.uleb128 0x3b
 538 0022 0B       		.uleb128 0xb
 539 0023 49       		.uleb128 0x49
 540 0024 13       		.uleb128 0x13
 541 0025 00       		.byte	0
 542 0026 00       		.byte	0
 543 0027 04       		.uleb128 0x4
 544 0028 24       		.uleb128 0x24
 545 0029 00       		.byte	0
 546 002a 0B       		.uleb128 0xb
 547 002b 0B       		.uleb128 0xb
 548 002c 3E       		.uleb128 0x3e
 549 002d 0B       		.uleb128 0xb
 550 002e 03       		.uleb128 0x3
 551 002f 08       		.uleb128 0x8
 552 0030 00       		.byte	0
 553 0031 00       		.byte	0
 554 0032 05       		.uleb128 0x5
 555 0033 01       		.uleb128 0x1
 556 0034 01       		.byte	0x1
 557 0035 49       		.uleb128 0x49
 558 0036 13       		.uleb128 0x13
 559 0037 01       		.uleb128 0x1
 560 0038 13       		.uleb128 0x13
 561 0039 00       		.byte	0
 562 003a 00       		.byte	0
 563 003b 06       		.uleb128 0x6
 564 003c 21       		.uleb128 0x21
 565 003d 00       		.byte	0
 566 003e 49       		.uleb128 0x49
ARM GAS  C:\Users\pajoh\AppData\Local\Temp\ccIvJP6l.s 			page 11


 567 003f 13       		.uleb128 0x13
 568 0040 2F       		.uleb128 0x2f
 569 0041 05       		.uleb128 0x5
 570 0042 00       		.byte	0
 571 0043 00       		.byte	0
 572 0044 07       		.uleb128 0x7
 573 0045 26       		.uleb128 0x26
 574 0046 00       		.byte	0
 575 0047 49       		.uleb128 0x49
 576 0048 13       		.uleb128 0x13
 577 0049 00       		.byte	0
 578 004a 00       		.byte	0
 579 004b 08       		.uleb128 0x8
 580 004c 34       		.uleb128 0x34
 581 004d 00       		.byte	0
 582 004e 03       		.uleb128 0x3
 583 004f 0E       		.uleb128 0xe
 584 0050 3A       		.uleb128 0x3a
 585 0051 0B       		.uleb128 0xb
 586 0052 3B       		.uleb128 0x3b
 587 0053 0B       		.uleb128 0xb
 588 0054 49       		.uleb128 0x49
 589 0055 13       		.uleb128 0x13
 590 0056 3F       		.uleb128 0x3f
 591 0057 19       		.uleb128 0x19
 592 0058 02       		.uleb128 0x2
 593 0059 18       		.uleb128 0x18
 594 005a 00       		.byte	0
 595 005b 00       		.byte	0
 596 005c 09       		.uleb128 0x9
 597 005d 21       		.uleb128 0x21
 598 005e 00       		.byte	0
 599 005f 49       		.uleb128 0x49
 600 0060 13       		.uleb128 0x13
 601 0061 2F       		.uleb128 0x2f
 602 0062 0B       		.uleb128 0xb
 603 0063 00       		.byte	0
 604 0064 00       		.byte	0
 605 0065 00       		.byte	0
 606              		.section	.debug_aranges,"",%progbits
 607 0000 14000000 		.4byte	0x14
 608 0004 0200     		.2byte	0x2
 609 0006 00000000 		.4byte	.Ldebug_info0
 610 000a 04       		.byte	0x4
 611 000b 00       		.byte	0
 612 000c 0000     		.2byte	0
 613 000e 0000     		.2byte	0
 614 0010 00000000 		.4byte	0
 615 0014 00000000 		.4byte	0
 616              		.section	.debug_line,"",%progbits
 617              	.Ldebug_line0:
 618 0000 3D010000 		.section	.debug_str,"MS",%progbits,1
 618      02003701 
 618      00000201 
 618      FB0E0D00 
 618      01010101 
 619              	.LASF9:
ARM GAS  C:\Users\pajoh\AppData\Local\Temp\ccIvJP6l.s 			page 12


 620 0000 5F5F7569 		.ascii	"__uint8_t\000"
 620      6E74385F 
 620      7400
 621              	.LASF16:
 622 000a 63795F6D 		.ascii	"cy_metadata\000"
 622      65746164 
 622      61746100 
 623              	.LASF19:
 624 0016 433A5C55 		.ascii	"C:\\Users\\pajoh\\projects\\USB\\cypress\\USB_data\\"
 624      73657273 
 624      5C70616A 
 624      6F685C70 
 624      726F6A65 
 625 0043 5553425F 		.ascii	"USB_first.cydsn\000"
 625      66697273 
 625      742E6379 
 625      64736E00 
 626              	.LASF1:
 627 0053 756E7369 		.ascii	"unsigned char\000"
 627      676E6564 
 627      20636861 
 627      7200
 628              	.LASF17:
 629 0061 474E5520 		.ascii	"GNU C11 5.4.1 20160609 (release) [ARM/embedded-5-br"
 629      43313120 
 629      352E342E 
 629      31203230 
 629      31363036 
 630 0094 616E6368 		.ascii	"anch revision 237715] -mcpu=cortex-m3 -mthumb -g -O"
 630      20726576 
 630      6973696F 
 630      6E203233 
 630      37373135 
 631 00c7 67202D66 		.ascii	"g -ffunction-sections -ffat-lto-objects\000"
 631      66756E63 
 631      74696F6E 
 631      2D736563 
 631      74696F6E 
 632              	.LASF5:
 633 00ef 6C6F6E67 		.ascii	"long unsigned int\000"
 633      20756E73 
 633      69676E65 
 633      6420696E 
 633      7400
 634              	.LASF3:
 635 0101 73686F72 		.ascii	"short unsigned int\000"
 635      7420756E 
 635      7369676E 
 635      65642069 
 635      6E7400
 636              	.LASF13:
 637 0114 63795F6D 		.ascii	"cy_meta_custnvl\000"
 637      6574615F 
 637      63757374 
 637      6E766C00 
 638              	.LASF12:
 639 0124 63795F6D 		.ascii	"cy_meta_configecc\000"
ARM GAS  C:\Users\pajoh\AppData\Local\Temp\ccIvJP6l.s 			page 13


 639      6574615F 
 639      636F6E66 
 639      69676563 
 639      6300
 640              	.LASF8:
 641 0136 756E7369 		.ascii	"unsigned int\000"
 641      676E6564 
 641      20696E74 
 641      00
 642              	.LASF7:
 643 0143 6C6F6E67 		.ascii	"long long unsigned int\000"
 643      206C6F6E 
 643      6720756E 
 643      7369676E 
 643      65642069 
 644              	.LASF10:
 645 015a 75696E74 		.ascii	"uint8_t\000"
 645      385F7400 
 646              	.LASF15:
 647 0162 63795F6D 		.ascii	"cy_meta_flashprotect\000"
 647      6574615F 
 647      666C6173 
 647      6870726F 
 647      74656374 
 648              	.LASF14:
 649 0177 63795F6D 		.ascii	"cy_meta_wonvl\000"
 649      6574615F 
 649      776F6E76 
 649      6C00
 650              	.LASF11:
 651 0185 73697A65 		.ascii	"sizetype\000"
 651      74797065 
 651      00
 652              	.LASF6:
 653 018e 6C6F6E67 		.ascii	"long long int\000"
 653      206C6F6E 
 653      6720696E 
 653      7400
 654              	.LASF2:
 655 019c 73686F72 		.ascii	"short int\000"
 655      7420696E 
 655      7400
 656              	.LASF4:
 657 01a6 6C6F6E67 		.ascii	"long int\000"
 657      20696E74 
 657      00
 658              	.LASF0:
 659 01af 7369676E 		.ascii	"signed char\000"
 659      65642063 
 659      68617200 
 660              	.LASF18:
 661 01bb 47656E65 		.ascii	"Generated_Source\\PSoC5\\cymetadata.c\000"
 661      72617465 
 661      645F536F 
 661      75726365 
 661      5C50536F 
 662              		.ident	"GCC: (GNU Tools for ARM Embedded Processors) 5.4.1 20160609 (release) [ARM/embedded-5-bran
ARM GAS  C:\Users\pajoh\AppData\Local\Temp\ccIvJP6l.s 			page 14


