ARM GAS  C:\Users\pajoh\AppData\Local\Temp\ccMIEgcE.s 			page 1


   1              		.syntax unified
   2              		.cpu cortex-m3
   3              		.fpu softvfp
   4              		.eabi_attribute 20, 1
   5              		.eabi_attribute 21, 1
   6              		.eabi_attribute 23, 3
   7              		.eabi_attribute 24, 1
   8              		.eabi_attribute 25, 1
   9              		.eabi_attribute 26, 1
  10              		.eabi_attribute 30, 1
  11              		.eabi_attribute 34, 1
  12              		.eabi_attribute 18, 4
  13              		.thumb
  14              		.syntax unified
  15              		.file	"main.c"
  16              		.text
  17              	.Ltext0:
  18              		.cfi_sections	.debug_frame
  19              		.section	.text.main,"ax",%progbits
  20              		.align	2
  21              		.global	main
  22              		.thumb
  23              		.thumb_func
  24              		.type	main, %function
  25              	main:
  26              	.LFB64:
  27              		.file 1 "main.c"
   1:main.c        **** /* ========================================
   2:main.c        ****  *
   3:main.c        ****  * Copyright YOUR COMPANY, THE YEAR
   4:main.c        ****  * All Rights Reserved
   5:main.c        ****  * UNPUBLISHED, LICENSED SOFTWARE.
   6:main.c        ****  *
   7:main.c        ****  * CONFIDENTIAL AND PROPRIETARY INFORMATION
   8:main.c        ****  * WHICH IS THE PROPERTY OF your company.
   9:main.c        ****  *
  10:main.c        ****  * ========================================
  11:main.c        **** */
  12:main.c        **** 
  13:main.c        **** //implement type tagging for the info header
  14:main.c        **** //first, send a message indicating the order and type of variables
  15:main.c        **** //from then on, send variables csv style
  16:main.c        **** //might be a good idea to make use of control endpoints
  17:main.c        **** //for example, do nothing until a "start" ctrl message is received
  18:main.c        **** //send this message from python on a keypress
  19:main.c        **** //implement an event loop in python for this
  20:main.c        **** 
  21:main.c        **** //send variable names individually, end with a termination message
  22:main.c        **** //unlikely to hit name limit problems this way
  23:main.c        **** //state machine for usb data, even in interrupt
  24:main.c        **** //state 0 init -> state 1 on RX start
  25:main.c        **** //state 1 run -> state 0 on RESET
  26:main.c        **** 
  27:main.c        **** //logger file next
  28:main.c        **** //similar to the DI4 datalogger
  29:main.c        **** #include "project.h"
  30:main.c        **** #include "stdio.h"
ARM GAS  C:\Users\pajoh\AppData\Local\Temp\ccMIEgcE.s 			page 2


  31:main.c        **** #include "datalogger.h"
  32:main.c        **** 
  33:main.c        **** #define getName(var) #var
  34:main.c        **** 
  35:main.c        **** uint8 buffer[64], length;
  36:main.c        **** uint16 analogRead;
  37:main.c        **** int sample_count = 0;
  38:main.c        **** int i;
  39:main.c        **** 
  40:main.c        **** char * name;
  41:main.c        **** 
  42:main.c        **** Log_ts log_s;
  43:main.c        **** struct usb_ts usb_s;
  44:main.c        **** uint8 dumvar1 = 0;
  45:main.c        **** uint16 dumvar2 = 0;
  46:main.c        **** uint32 dumvar3 = 0;
  47:main.c        **** 
  48:main.c        **** volatile uint8 main_flag;
  49:main.c        **** 
  50:main.c        **** 
  51:main.c        **** int main(void)
  52:main.c        **** {
  28              		.loc 1 52 0
  29              		.cfi_startproc
  30              		@ Volatile: function does not return.
  31              		@ args = 0, pretend = 0, frame = 0
  32              		@ frame_needed = 0, uses_anonymous_args = 0
  33 0000 08B5     		push	{r3, lr}
  34              		.cfi_def_cfa_offset 8
  35              		.cfi_offset 3, -8
  36              		.cfi_offset 14, -4
  53:main.c        ****     CyGlobalIntEnable; /* Enable global interrupts. */
  37              		.loc 1 53 0
  38              		.syntax unified
  39              	@ 53 "main.c" 1
  40 0002 62B6     		CPSIE   i
  41              	@ 0 "" 2
  54:main.c        **** 
  55:main.c        ****     name = getName(analogRead);
  42              		.loc 1 55 0
  43              		.thumb
  44              		.syntax unified
  45 0004 2B4E     		ldr	r6, .L6
  46 0006 2C4B     		ldr	r3, .L6+4
  47 0008 1E60     		str	r6, [r3]
  56:main.c        ****     /* Place your initialization/startup code here (e.g. MyInst_Start()) */
  57:main.c        ****     ADC_DelSig_1_Start();
  48              		.loc 1 57 0
  49 000a FFF7FEFF 		bl	ADC_DelSig_1_Start
  50              	.LVL0:
  58:main.c        ****     ADC_DelSig_1_StartConvert();
  51              		.loc 1 58 0
  52 000e FFF7FEFF 		bl	ADC_DelSig_1_StartConvert
  53              	.LVL1:
  59:main.c        ****     USBFS_Start(0u, USBFS_5V_OPERATION);
  54              		.loc 1 59 0
  55 0012 0121     		movs	r1, #1
ARM GAS  C:\Users\pajoh\AppData\Local\Temp\ccMIEgcE.s 			page 3


  56 0014 0020     		movs	r0, #0
  57 0016 FFF7FEFF 		bl	USBFS_Start
  58              	.LVL2:
  60:main.c        ****     
  61:main.c        ****     //logger initialization
  62:main.c        ****     logger_init(&log_s);
  59              		.loc 1 62 0
  60 001a 284C     		ldr	r4, .L6+8
  61 001c 2046     		mov	r0, r4
  62 001e FFF7FEFF 		bl	logger_init
  63              	.LVL3:
  63:main.c        ****     attach_variable(&dumvar1,UINT8,"dumvar1",&log_s);
  64              		.loc 1 63 0
  65 0022 274D     		ldr	r5, .L6+12
  66 0024 2346     		mov	r3, r4
  67 0026 274A     		ldr	r2, .L6+16
  68 0028 0021     		movs	r1, #0
  69 002a 2846     		mov	r0, r5
  70 002c FFF7FEFF 		bl	attach_variable
  71              	.LVL4:
  64:main.c        ****     attach_variable(&analogRead,UINT16,"analogRead",&log_s);
  72              		.loc 1 64 0
  73 0030 2346     		mov	r3, r4
  74 0032 3246     		mov	r2, r6
  75 0034 0221     		movs	r1, #2
  76 0036 2448     		ldr	r0, .L6+20
  77 0038 FFF7FEFF 		bl	attach_variable
  78              	.LVL5:
  65:main.c        ****     attach_variable(&dumvar3,UINT32,"dumvar3",&log_s);
  79              		.loc 1 65 0
  80 003c 2346     		mov	r3, r4
  81 003e 234A     		ldr	r2, .L6+24
  82 0040 0421     		movs	r1, #4
  83 0042 6818     		adds	r0, r5, r1
  84 0044 FFF7FEFF 		bl	attach_variable
  85              	.LVL6:
  66:main.c        ****     
  67:main.c        ****     usb_set_stream(&usb_s,get_buffer(&log_s));
  86              		.loc 1 67 0
  87 0048 2046     		mov	r0, r4
  88 004a FFF7FEFF 		bl	get_buffer
  89              	.LVL7:
  90 004e 0146     		mov	r1, r0
  91 0050 1F48     		ldr	r0, .L6+28
  92 0052 FFF7FEFF 		bl	usb_set_stream
  93              	.LVL8:
  68:main.c        ****     
  69:main.c        ****     
  70:main.c        ****     /* enumeration is done, enable out endpoint for receive data from Host */
  71:main.c        ****     Loop_Interrupt_Start();
  94              		.loc 1 71 0
  95 0056 FFF7FEFF 		bl	Loop_Interrupt_Start
  96              	.LVL9:
  72:main.c        ****     sample_count = 0;
  97              		.loc 1 72 0
  98 005a 0023     		movs	r3, #0
  99 005c AB60     		str	r3, [r5, #8]
ARM GAS  C:\Users\pajoh\AppData\Local\Temp\ccMIEgcE.s 			page 4


 100              	.L2:
  73:main.c        ****     for(;;)
  74:main.c        ****     {
  75:main.c        ****         if(main_flag == 1){
 101              		.loc 1 75 0
 102 005e 1D4B     		ldr	r3, .L6+32
 103 0060 1B78     		ldrb	r3, [r3]	@ zero_extendqisi2
 104 0062 DBB2     		uxtb	r3, r3
 105 0064 012B     		cmp	r3, #1
 106 0066 FAD1     		bne	.L2
  76:main.c        ****             //main interrupt driven loop
  77:main.c        ****             main_flag = 0;
 107              		.loc 1 77 0
 108 0068 0025     		movs	r5, #0
 109 006a 1A4B     		ldr	r3, .L6+32
 110 006c 1D70     		strb	r5, [r3]
  78:main.c        ****             //insert code to run here
  79:main.c        ****             dumvar1 += 1;
 111              		.loc 1 79 0
 112 006e 144B     		ldr	r3, .L6+12
 113 0070 1A78     		ldrb	r2, [r3]	@ zero_extendqisi2
 114 0072 0132     		adds	r2, r2, #1
 115 0074 1A70     		strb	r2, [r3]
  80:main.c        ****             dumvar2 += 10;
 116              		.loc 1 80 0
 117 0076 9A89     		ldrh	r2, [r3, #12]
 118 0078 0A32     		adds	r2, r2, #10
 119 007a 9A81     		strh	r2, [r3, #12]	@ movhi
  81:main.c        ****             dumvar3 += 100;
 120              		.loc 1 81 0
 121 007c 5A68     		ldr	r2, [r3, #4]
 122 007e 6432     		adds	r2, r2, #100
 123 0080 5A60     		str	r2, [r3, #4]
  82:main.c        ****             //---------------------------
  83:main.c        ****             //logger
  84:main.c        ****             //---------------------------
  85:main.c        ****             logger(&log_s);
 124              		.loc 1 85 0
 125 0082 0E4C     		ldr	r4, .L6+8
 126 0084 2046     		mov	r0, r4
 127 0086 FFF7FEFF 		bl	logger
 128              	.LVL10:
  86:main.c        ****             get_command_usb(&log_s, &usb_s);
 129              		.loc 1 86 0
 130 008a 114E     		ldr	r6, .L6+28
 131 008c 3146     		mov	r1, r6
 132 008e 2046     		mov	r0, r4
 133 0090 FFF7FEFF 		bl	get_command_usb
 134              	.LVL11:
  87:main.c        ****             
  88:main.c        ****             //---------------------------
  89:main.c        ****             //usb
  90:main.c        ****             //---------------------------
  91:main.c        ****             usb_task(&usb_s);
 135              		.loc 1 91 0
 136 0094 3046     		mov	r0, r6
 137 0096 FFF7FEFF 		bl	usb_task
ARM GAS  C:\Users\pajoh\AppData\Local\Temp\ccMIEgcE.s 			page 5


 138              	.LVL12:
  92:main.c        ****             clear_log(&log_s);
 139              		.loc 1 92 0
 140 009a 2046     		mov	r0, r4
 141 009c FFF7FEFF 		bl	clear_log
 142              	.LVL13:
  93:main.c        ****             
  94:main.c        ****             if(ADC_DelSig_1_IsEndConversion(ADC_DelSig_1_WAIT_FOR_RESULT)){
 143              		.loc 1 94 0
 144 00a0 2846     		mov	r0, r5
 145 00a2 FFF7FEFF 		bl	ADC_DelSig_1_IsEndConversion
 146              	.LVL14:
 147 00a6 0028     		cmp	r0, #0
 148 00a8 D9D0     		beq	.L2
  95:main.c        ****                 analogRead = ADC_DelSig_1_GetResult16();   
 149              		.loc 1 95 0
 150 00aa FFF7FEFF 		bl	ADC_DelSig_1_GetResult16
 151              	.LVL15:
 152 00ae 064B     		ldr	r3, .L6+20
 153 00b0 1880     		strh	r0, [r3]	@ movhi
 154 00b2 D4E7     		b	.L2
 155              	.L7:
 156              		.align	2
 157              	.L6:
 158 00b4 00000000 		.word	.LC0
 159 00b8 00000000 		.word	name
 160 00bc 00000000 		.word	log_s
 161 00c0 00000000 		.word	.LANCHOR0
 162 00c4 0C000000 		.word	.LC1
 163 00c8 00000000 		.word	analogRead
 164 00cc 14000000 		.word	.LC2
 165 00d0 00000000 		.word	usb_s
 166 00d4 00000000 		.word	main_flag
 167              		.cfi_endproc
 168              	.LFE64:
 169              		.size	main, .-main
 170              		.comm	main_flag,1,1
 171              		.global	dumvar3
 172              		.global	dumvar2
 173              		.global	dumvar1
 174              		.comm	usb_s,148,4
 175              		.comm	log_s,2380,4
 176              		.comm	name,4,4
 177              		.comm	i,4,4
 178              		.global	sample_count
 179              		.comm	analogRead,2,2
 180              		.comm	length,1,1
 181              		.comm	buffer,64,4
 182              		.section	.rodata.str1.4,"aMS",%progbits,1
 183              		.align	2
 184              	.LC0:
 185 0000 616E616C 		.ascii	"analogRead\000"
 185      6F675265 
 185      616400
 186 000b 00       		.space	1
 187              	.LC1:
 188 000c 64756D76 		.ascii	"dumvar1\000"
ARM GAS  C:\Users\pajoh\AppData\Local\Temp\ccMIEgcE.s 			page 6


 188      61723100 
 189              	.LC2:
 190 0014 64756D76 		.ascii	"dumvar3\000"
 190      61723300 
 191              		.bss
 192              		.align	2
 193              		.set	.LANCHOR0,. + 0
 194              		.type	dumvar1, %object
 195              		.size	dumvar1, 1
 196              	dumvar1:
 197 0000 00       		.space	1
 198 0001 000000   		.space	3
 199              		.type	dumvar3, %object
 200              		.size	dumvar3, 4
 201              	dumvar3:
 202 0004 00000000 		.space	4
 203              		.type	sample_count, %object
 204              		.size	sample_count, 4
 205              	sample_count:
 206 0008 00000000 		.space	4
 207              		.type	dumvar2, %object
 208              		.size	dumvar2, 2
 209              	dumvar2:
 210 000c 0000     		.space	2
 211              		.text
 212              	.Letext0:
 213              		.file 2 "c:\\program files (x86)\\cypress\\psoc creator\\4.2\\psoc creator\\import\\gnu\\arm\\5.4.
 214              		.file 3 "c:\\program files (x86)\\cypress\\psoc creator\\4.2\\psoc creator\\import\\gnu\\arm\\5.4.
 215              		.file 4 "Generated_Source\\PSoC5/cytypes.h"
 216              		.file 5 "usb.h"
 217              		.file 6 "datalogger.h"
 218              		.file 7 "Generated_Source\\PSoC5/core_cm3.h"
 219              		.file 8 "Generated_Source\\PSoC5/ADC_DelSig_1.h"
 220              		.file 9 "Generated_Source\\PSoC5/USBFS.h"
 221              		.file 10 "Generated_Source\\PSoC5/Loop_Interrupt.h"
 222              		.section	.debug_info,"",%progbits
 223              	.Ldebug_info0:
 224 0000 E4050000 		.4byte	0x5e4
 225 0004 0400     		.2byte	0x4
 226 0006 00000000 		.4byte	.Ldebug_abbrev0
 227 000a 04       		.byte	0x4
 228 000b 01       		.uleb128 0x1
 229 000c A7030000 		.4byte	.LASF85
 230 0010 0C       		.byte	0xc
 231 0011 19030000 		.4byte	.LASF86
 232 0015 63000000 		.4byte	.LASF87
 233 0019 00000000 		.4byte	.Ldebug_ranges0+0
 234 001d 00000000 		.4byte	0
 235 0021 00000000 		.4byte	.Ldebug_line0
 236 0025 02       		.uleb128 0x2
 237 0026 01       		.byte	0x1
 238 0027 06       		.byte	0x6
 239 0028 F2010000 		.4byte	.LASF0
 240 002c 02       		.uleb128 0x2
 241 002d 01       		.byte	0x1
 242 002e 08       		.byte	0x8
 243 002f B1010000 		.4byte	.LASF1
ARM GAS  C:\Users\pajoh\AppData\Local\Temp\ccMIEgcE.s 			page 7


 244 0033 02       		.uleb128 0x2
 245 0034 02       		.byte	0x2
 246 0035 05       		.byte	0x5
 247 0036 31000000 		.4byte	.LASF2
 248 003a 02       		.uleb128 0x2
 249 003b 02       		.byte	0x2
 250 003c 07       		.byte	0x7
 251 003d FF020000 		.4byte	.LASF3
 252 0041 03       		.uleb128 0x3
 253 0042 59030000 		.4byte	.LASF9
 254 0046 02       		.byte	0x2
 255 0047 3F       		.byte	0x3f
 256 0048 4C000000 		.4byte	0x4c
 257 004c 02       		.uleb128 0x2
 258 004d 04       		.byte	0x4
 259 004e 05       		.byte	0x5
 260 004f 98010000 		.4byte	.LASF4
 261 0053 02       		.uleb128 0x2
 262 0054 04       		.byte	0x4
 263 0055 07       		.byte	0x7
 264 0056 53020000 		.4byte	.LASF5
 265 005a 02       		.uleb128 0x2
 266 005b 08       		.byte	0x8
 267 005c 05       		.byte	0x5
 268 005d 66010000 		.4byte	.LASF6
 269 0061 02       		.uleb128 0x2
 270 0062 08       		.byte	0x8
 271 0063 07       		.byte	0x7
 272 0064 FE010000 		.4byte	.LASF7
 273 0068 04       		.uleb128 0x4
 274 0069 04       		.byte	0x4
 275 006a 05       		.byte	0x5
 276 006b 696E7400 		.ascii	"int\000"
 277 006f 02       		.uleb128 0x2
 278 0070 04       		.byte	0x4
 279 0071 07       		.byte	0x7
 280 0072 35020000 		.4byte	.LASF8
 281 0076 03       		.uleb128 0x3
 282 0077 B3020000 		.4byte	.LASF10
 283 007b 03       		.byte	0x3
 284 007c 2C       		.byte	0x2c
 285 007d 41000000 		.4byte	0x41
 286 0081 05       		.uleb128 0x5
 287 0082 28010000 		.4byte	.LASF11
 288 0086 04       		.byte	0x4
 289 0087 E401     		.2byte	0x1e4
 290 0089 2C000000 		.4byte	0x2c
 291 008d 05       		.uleb128 0x5
 292 008e F8000000 		.4byte	.LASF12
 293 0092 04       		.byte	0x4
 294 0093 E501     		.2byte	0x1e5
 295 0095 3A000000 		.4byte	0x3a
 296 0099 05       		.uleb128 0x5
 297 009a 12030000 		.4byte	.LASF13
 298 009e 04       		.byte	0x4
 299 009f E601     		.2byte	0x1e6
 300 00a1 53000000 		.4byte	0x53
ARM GAS  C:\Users\pajoh\AppData\Local\Temp\ccMIEgcE.s 			page 8


 301 00a5 02       		.uleb128 0x2
 302 00a6 04       		.byte	0x4
 303 00a7 04       		.byte	0x4
 304 00a8 60010000 		.4byte	.LASF14
 305 00ac 02       		.uleb128 0x2
 306 00ad 08       		.byte	0x8
 307 00ae 04       		.byte	0x4
 308 00af 30030000 		.4byte	.LASF15
 309 00b3 02       		.uleb128 0x2
 310 00b4 01       		.byte	0x1
 311 00b5 08       		.byte	0x8
 312 00b6 A1020000 		.4byte	.LASF16
 313 00ba 06       		.uleb128 0x6
 314 00bb 81000000 		.4byte	0x81
 315 00bf 02       		.uleb128 0x2
 316 00c0 08       		.byte	0x8
 317 00c1 04       		.byte	0x4
 318 00c2 CA010000 		.4byte	.LASF17
 319 00c6 02       		.uleb128 0x2
 320 00c7 04       		.byte	0x4
 321 00c8 07       		.byte	0x7
 322 00c9 44000000 		.4byte	.LASF18
 323 00cd 07       		.uleb128 0x7
 324 00ce 04       		.byte	0x4
 325 00cf 08       		.uleb128 0x8
 326 00d0 04       		.byte	0x4
 327 00d1 B3000000 		.4byte	0xb3
 328 00d5 09       		.uleb128 0x9
 329 00d6 42040000 		.4byte	.LASF19
 330 00da 04       		.byte	0x4
 331 00db 05       		.byte	0x5
 332 00dc 1F       		.byte	0x1f
 333 00dd EE000000 		.4byte	0xee
 334 00e1 0A       		.uleb128 0xa
 335 00e2 2B000000 		.4byte	.LASF21
 336 00e6 05       		.byte	0x5
 337 00e7 20       		.byte	0x20
 338 00e8 68000000 		.4byte	0x68
 339 00ec 00       		.byte	0
 340 00ed 00       		.byte	0
 341 00ee 0B       		.uleb128 0xb
 342 00ef FF000000 		.4byte	.LASF88
 343 00f3 00       		.byte	0
 344 00f4 05       		.byte	0x5
 345 00f5 23       		.byte	0x23
 346 00f6 09       		.uleb128 0x9
 347 00f7 CA000000 		.4byte	.LASF20
 348 00fb 08       		.byte	0x8
 349 00fc 05       		.byte	0x5
 350 00fd 27       		.byte	0x27
 351 00fe 27010000 		.4byte	0x127
 352 0102 0A       		.uleb128 0xa
 353 0103 21000000 		.4byte	.LASF22
 354 0107 05       		.byte	0x5
 355 0108 29       		.byte	0x29
 356 0109 D5000000 		.4byte	0xd5
 357 010d 00       		.byte	0
ARM GAS  C:\Users\pajoh\AppData\Local\Temp\ccMIEgcE.s 			page 9


 358 010e 0A       		.uleb128 0xa
 359 010f 4D000000 		.4byte	.LASF23
 360 0113 05       		.byte	0x5
 361 0114 2A       		.byte	0x2a
 362 0115 81000000 		.4byte	0x81
 363 0119 04       		.byte	0x4
 364 011a 0A       		.uleb128 0xa
 365 011b E3000000 		.4byte	.LASF24
 366 011f 05       		.byte	0x5
 367 0120 2B       		.byte	0x2b
 368 0121 81000000 		.4byte	0x81
 369 0125 05       		.byte	0x5
 370 0126 00       		.byte	0
 371 0127 09       		.uleb128 0x9
 372 0128 95030000 		.4byte	.LASF25
 373 012c 48       		.byte	0x48
 374 012d 05       		.byte	0x5
 375 012e 2E       		.byte	0x2e
 376 012f 58010000 		.4byte	0x158
 377 0133 0A       		.uleb128 0xa
 378 0134 E4020000 		.4byte	.LASF26
 379 0138 05       		.byte	0x5
 380 0139 31       		.byte	0x31
 381 013a 58010000 		.4byte	0x158
 382 013e 00       		.byte	0
 383 013f 0A       		.uleb128 0xa
 384 0140 4B030000 		.4byte	.LASF27
 385 0144 05       		.byte	0x5
 386 0145 32       		.byte	0x32
 387 0146 68000000 		.4byte	0x68
 388 014a 04       		.byte	0x4
 389 014b 0A       		.uleb128 0xa
 390 014c 4D040000 		.4byte	.LASF28
 391 0150 05       		.byte	0x5
 392 0151 35       		.byte	0x35
 393 0152 5E010000 		.4byte	0x15e
 394 0156 08       		.byte	0x8
 395 0157 00       		.byte	0
 396 0158 08       		.uleb128 0x8
 397 0159 04       		.byte	0x4
 398 015a 81000000 		.4byte	0x81
 399 015e 0C       		.uleb128 0xc
 400 015f 81000000 		.4byte	0x81
 401 0163 6E010000 		.4byte	0x16e
 402 0167 0D       		.uleb128 0xd
 403 0168 C6000000 		.4byte	0xc6
 404 016c 3F       		.byte	0x3f
 405 016d 00       		.byte	0
 406 016e 09       		.uleb128 0x9
 407 016f B3000000 		.4byte	.LASF29
 408 0173 41       		.byte	0x41
 409 0174 05       		.byte	0x5
 410 0175 38       		.byte	0x38
 411 0176 93010000 		.4byte	0x193
 412 017a 0A       		.uleb128 0xa
 413 017b 37030000 		.4byte	.LASF30
 414 017f 05       		.byte	0x5
ARM GAS  C:\Users\pajoh\AppData\Local\Temp\ccMIEgcE.s 			page 10


 415 0180 3A       		.byte	0x3a
 416 0181 5E010000 		.4byte	0x15e
 417 0185 00       		.byte	0
 418 0186 0A       		.uleb128 0xa
 419 0187 18000000 		.4byte	.LASF31
 420 018b 05       		.byte	0x5
 421 018c 3B       		.byte	0x3b
 422 018d 81000000 		.4byte	0x81
 423 0191 40       		.byte	0x40
 424 0192 00       		.byte	0
 425 0193 09       		.uleb128 0x9
 426 0194 D5000000 		.4byte	.LASF32
 427 0198 94       		.byte	0x94
 428 0199 05       		.byte	0x5
 429 019a 3E       		.byte	0x3e
 430 019b D0010000 		.4byte	0x1d0
 431 019f 0A       		.uleb128 0xa
 432 01a0 92020000 		.4byte	.LASF33
 433 01a4 05       		.byte	0x5
 434 01a5 3F       		.byte	0x3f
 435 01a6 EE000000 		.4byte	0xee
 436 01aa 00       		.byte	0
 437 01ab 0A       		.uleb128 0xa
 438 01ac 7B010000 		.4byte	.LASF34
 439 01b0 05       		.byte	0x5
 440 01b1 40       		.byte	0x40
 441 01b2 F6000000 		.4byte	0xf6
 442 01b6 00       		.byte	0
 443 01b7 0A       		.uleb128 0xa
 444 01b8 F1000000 		.4byte	.LASF35
 445 01bc 05       		.byte	0x5
 446 01bd 41       		.byte	0x41
 447 01be 27010000 		.4byte	0x127
 448 01c2 08       		.byte	0x8
 449 01c3 0A       		.uleb128 0xa
 450 01c4 8A020000 		.4byte	.LASF36
 451 01c8 05       		.byte	0x5
 452 01c9 42       		.byte	0x42
 453 01ca 6E010000 		.4byte	0x16e
 454 01ce 50       		.byte	0x50
 455 01cf 00       		.byte	0
 456 01d0 0E       		.uleb128 0xe
 457 01d1 00000000 		.4byte	.LASF89
 458 01d5 01       		.byte	0x1
 459 01d6 2C000000 		.4byte	0x2c
 460 01da 06       		.byte	0x6
 461 01db 18       		.byte	0x18
 462 01dc 23020000 		.4byte	0x223
 463 01e0 0F       		.uleb128 0xf
 464 01e1 A6010000 		.4byte	.LASF37
 465 01e5 00       		.byte	0
 466 01e6 0F       		.uleb128 0xf
 467 01e7 EC000000 		.4byte	.LASF38
 468 01eb 01       		.byte	0x1
 469 01ec 0F       		.uleb128 0xf
 470 01ed 9A020000 		.4byte	.LASF39
 471 01f1 02       		.byte	0x2
ARM GAS  C:\Users\pajoh\AppData\Local\Temp\ccMIEgcE.s 			page 11


 472 01f2 0F       		.uleb128 0xf
 473 01f3 BF010000 		.4byte	.LASF40
 474 01f7 03       		.byte	0x3
 475 01f8 0F       		.uleb128 0xf
 476 01f9 BE000000 		.4byte	.LASF41
 477 01fd 04       		.byte	0x4
 478 01fe 0F       		.uleb128 0xf
 479 01ff 35040000 		.4byte	.LASF42
 480 0203 05       		.byte	0x5
 481 0204 0F       		.uleb128 0xf
 482 0205 3B040000 		.4byte	.LASF43
 483 0209 06       		.byte	0x6
 484 020a 0F       		.uleb128 0xf
 485 020b 2A030000 		.4byte	.LASF44
 486 020f 07       		.byte	0x7
 487 0210 0F       		.uleb128 0xf
 488 0211 63030000 		.4byte	.LASF45
 489 0215 08       		.byte	0x8
 490 0216 0F       		.uleb128 0xf
 491 0217 EB010000 		.4byte	.LASF46
 492 021b 09       		.byte	0x9
 493 021c 0F       		.uleb128 0xf
 494 021d A1010000 		.4byte	.LASF47
 495 0221 0A       		.byte	0xa
 496 0222 00       		.byte	0
 497 0223 10       		.uleb128 0x10
 498 0224 76617200 		.ascii	"var\000"
 499 0228 48       		.byte	0x48
 500 0229 06       		.byte	0x6
 501 022a 28       		.byte	0x28
 502 022b 54020000 		.4byte	0x254
 503 022f 0A       		.uleb128 0xa
 504 0230 9F030000 		.4byte	.LASF48
 505 0234 06       		.byte	0x6
 506 0235 29       		.byte	0x29
 507 0236 CD000000 		.4byte	0xcd
 508 023a 00       		.byte	0
 509 023b 0A       		.uleb128 0xa
 510 023c 15020000 		.4byte	.LASF49
 511 0240 06       		.byte	0x6
 512 0241 2A       		.byte	0x2a
 513 0242 D0010000 		.4byte	0x1d0
 514 0246 04       		.byte	0x4
 515 0247 0A       		.uleb128 0xa
 516 0248 C5010000 		.4byte	.LASF50
 517 024c 06       		.byte	0x6
 518 024d 2B       		.byte	0x2b
 519 024e 54020000 		.4byte	0x254
 520 0252 05       		.byte	0x5
 521 0253 00       		.byte	0
 522 0254 0C       		.uleb128 0xc
 523 0255 B3000000 		.4byte	0xb3
 524 0259 64020000 		.4byte	0x264
 525 025d 0D       		.uleb128 0xd
 526 025e C6000000 		.4byte	0xc6
 527 0262 3F       		.byte	0x3f
 528 0263 00       		.byte	0
ARM GAS  C:\Users\pajoh\AppData\Local\Temp\ccMIEgcE.s 			page 12


 529 0264 03       		.uleb128 0x3
 530 0265 42020000 		.4byte	.LASF51
 531 0269 06       		.byte	0x6
 532 026a 2C       		.byte	0x2c
 533 026b 23020000 		.4byte	0x223
 534 026f 09       		.uleb128 0x9
 535 0270 3B000000 		.4byte	.LASF52
 536 0274 48       		.byte	0x48
 537 0275 06       		.byte	0x6
 538 0276 2E       		.byte	0x2e
 539 0277 A0020000 		.4byte	0x2a0
 540 027b 0A       		.uleb128 0xa
 541 027c E4020000 		.4byte	.LASF26
 542 0280 06       		.byte	0x6
 543 0281 2F       		.byte	0x2f
 544 0282 5E010000 		.4byte	0x15e
 545 0286 00       		.byte	0
 546 0287 0A       		.uleb128 0xa
 547 0288 E0010000 		.4byte	.LASF53
 548 028c 06       		.byte	0x6
 549 028d 30       		.byte	0x30
 550 028e 68000000 		.4byte	0x68
 551 0292 40       		.byte	0x40
 552 0293 0A       		.uleb128 0xa
 553 0294 20030000 		.4byte	.LASF54
 554 0298 06       		.byte	0x6
 555 0299 31       		.byte	0x31
 556 029a 68000000 		.4byte	0x68
 557 029e 44       		.byte	0x44
 558 029f 00       		.byte	0
 559 02a0 03       		.uleb128 0x3
 560 02a1 6B020000 		.4byte	.LASF55
 561 02a5 06       		.byte	0x6
 562 02a6 32       		.byte	0x32
 563 02a7 6F020000 		.4byte	0x26f
 564 02ab 11       		.uleb128 0x11
 565 02ac 6C6F6700 		.ascii	"log\000"
 566 02b0 4C09     		.2byte	0x94c
 567 02b2 06       		.byte	0x6
 568 02b3 34       		.byte	0x34
 569 02b4 DF020000 		.4byte	0x2df
 570 02b8 0A       		.uleb128 0xa
 571 02b9 AC010000 		.4byte	.LASF56
 572 02bd 06       		.byte	0x6
 573 02be 35       		.byte	0x35
 574 02bf DF020000 		.4byte	0x2df
 575 02c3 00       		.byte	0
 576 02c4 12       		.uleb128 0x12
 577 02c5 50030000 		.4byte	.LASF57
 578 02c9 06       		.byte	0x6
 579 02ca 36       		.byte	0x36
 580 02cb A0020000 		.4byte	0x2a0
 581 02cf 0009     		.2byte	0x900
 582 02d1 12       		.uleb128 0x12
 583 02d2 37010000 		.4byte	.LASF58
 584 02d6 06       		.byte	0x6
 585 02d7 37       		.byte	0x37
ARM GAS  C:\Users\pajoh\AppData\Local\Temp\ccMIEgcE.s 			page 13


 586 02d8 68000000 		.4byte	0x68
 587 02dc 4809     		.2byte	0x948
 588 02de 00       		.byte	0
 589 02df 0C       		.uleb128 0xc
 590 02e0 64020000 		.4byte	0x264
 591 02e4 EF020000 		.4byte	0x2ef
 592 02e8 0D       		.uleb128 0xd
 593 02e9 C6000000 		.4byte	0xc6
 594 02ed 1F       		.byte	0x1f
 595 02ee 00       		.byte	0
 596 02ef 03       		.uleb128 0x3
 597 02f0 74010000 		.4byte	.LASF59
 598 02f4 06       		.byte	0x6
 599 02f5 38       		.byte	0x38
 600 02f6 AB020000 		.4byte	0x2ab
 601 02fa 13       		.uleb128 0x13
 602 02fb C5000000 		.4byte	.LASF90
 603 02ff 01       		.byte	0x1
 604 0300 33       		.byte	0x33
 605 0301 68000000 		.4byte	0x68
 606 0305 00000000 		.4byte	.LFB64
 607 0309 D8000000 		.4byte	.LFE64-.LFB64
 608 030d 01       		.uleb128 0x1
 609 030e 9C       		.byte	0x9c
 610 030f 71040000 		.4byte	0x471
 611 0313 14       		.uleb128 0x14
 612 0314 0E000000 		.4byte	.LVL0
 613 0318 4C050000 		.4byte	0x54c
 614 031c 14       		.uleb128 0x14
 615 031d 12000000 		.4byte	.LVL1
 616 0321 57050000 		.4byte	0x557
 617 0325 15       		.uleb128 0x15
 618 0326 1A000000 		.4byte	.LVL2
 619 032a 62050000 		.4byte	0x562
 620 032e 3D030000 		.4byte	0x33d
 621 0332 16       		.uleb128 0x16
 622 0333 01       		.uleb128 0x1
 623 0334 50       		.byte	0x50
 624 0335 01       		.uleb128 0x1
 625 0336 30       		.byte	0x30
 626 0337 16       		.uleb128 0x16
 627 0338 01       		.uleb128 0x1
 628 0339 51       		.byte	0x51
 629 033a 01       		.uleb128 0x1
 630 033b 31       		.byte	0x31
 631 033c 00       		.byte	0
 632 033d 15       		.uleb128 0x15
 633 033e 22000000 		.4byte	.LVL3
 634 0342 6E050000 		.4byte	0x56e
 635 0346 51030000 		.4byte	0x351
 636 034a 16       		.uleb128 0x16
 637 034b 01       		.uleb128 0x1
 638 034c 50       		.byte	0x50
 639 034d 02       		.uleb128 0x2
 640 034e 74       		.byte	0x74
 641 034f 00       		.sleb128 0
 642 0350 00       		.byte	0
ARM GAS  C:\Users\pajoh\AppData\Local\Temp\ccMIEgcE.s 			page 14


 643 0351 15       		.uleb128 0x15
 644 0352 30000000 		.4byte	.LVL4
 645 0356 79050000 		.4byte	0x579
 646 035a 79030000 		.4byte	0x379
 647 035e 16       		.uleb128 0x16
 648 035f 01       		.uleb128 0x1
 649 0360 50       		.byte	0x50
 650 0361 02       		.uleb128 0x2
 651 0362 75       		.byte	0x75
 652 0363 00       		.sleb128 0
 653 0364 16       		.uleb128 0x16
 654 0365 01       		.uleb128 0x1
 655 0366 51       		.byte	0x51
 656 0367 01       		.uleb128 0x1
 657 0368 30       		.byte	0x30
 658 0369 16       		.uleb128 0x16
 659 036a 01       		.uleb128 0x1
 660 036b 52       		.byte	0x52
 661 036c 05       		.uleb128 0x5
 662 036d 03       		.byte	0x3
 663 036e 0C000000 		.4byte	.LC1
 664 0372 16       		.uleb128 0x16
 665 0373 01       		.uleb128 0x1
 666 0374 53       		.byte	0x53
 667 0375 02       		.uleb128 0x2
 668 0376 74       		.byte	0x74
 669 0377 00       		.sleb128 0
 670 0378 00       		.byte	0
 671 0379 15       		.uleb128 0x15
 672 037a 3C000000 		.4byte	.LVL5
 673 037e 79050000 		.4byte	0x579
 674 0382 A1030000 		.4byte	0x3a1
 675 0386 16       		.uleb128 0x16
 676 0387 01       		.uleb128 0x1
 677 0388 50       		.byte	0x50
 678 0389 05       		.uleb128 0x5
 679 038a 03       		.byte	0x3
 680 038b 00000000 		.4byte	analogRead
 681 038f 16       		.uleb128 0x16
 682 0390 01       		.uleb128 0x1
 683 0391 51       		.byte	0x51
 684 0392 01       		.uleb128 0x1
 685 0393 32       		.byte	0x32
 686 0394 16       		.uleb128 0x16
 687 0395 01       		.uleb128 0x1
 688 0396 52       		.byte	0x52
 689 0397 02       		.uleb128 0x2
 690 0398 76       		.byte	0x76
 691 0399 00       		.sleb128 0
 692 039a 16       		.uleb128 0x16
 693 039b 01       		.uleb128 0x1
 694 039c 53       		.byte	0x53
 695 039d 02       		.uleb128 0x2
 696 039e 74       		.byte	0x74
 697 039f 00       		.sleb128 0
 698 03a0 00       		.byte	0
 699 03a1 15       		.uleb128 0x15
ARM GAS  C:\Users\pajoh\AppData\Local\Temp\ccMIEgcE.s 			page 15


 700 03a2 48000000 		.4byte	.LVL6
 701 03a6 79050000 		.4byte	0x579
 702 03aa C9030000 		.4byte	0x3c9
 703 03ae 16       		.uleb128 0x16
 704 03af 01       		.uleb128 0x1
 705 03b0 50       		.byte	0x50
 706 03b1 02       		.uleb128 0x2
 707 03b2 75       		.byte	0x75
 708 03b3 04       		.sleb128 4
 709 03b4 16       		.uleb128 0x16
 710 03b5 01       		.uleb128 0x1
 711 03b6 51       		.byte	0x51
 712 03b7 01       		.uleb128 0x1
 713 03b8 34       		.byte	0x34
 714 03b9 16       		.uleb128 0x16
 715 03ba 01       		.uleb128 0x1
 716 03bb 52       		.byte	0x52
 717 03bc 05       		.uleb128 0x5
 718 03bd 03       		.byte	0x3
 719 03be 14000000 		.4byte	.LC2
 720 03c2 16       		.uleb128 0x16
 721 03c3 01       		.uleb128 0x1
 722 03c4 53       		.byte	0x53
 723 03c5 02       		.uleb128 0x2
 724 03c6 74       		.byte	0x74
 725 03c7 00       		.sleb128 0
 726 03c8 00       		.byte	0
 727 03c9 15       		.uleb128 0x15
 728 03ca 4E000000 		.4byte	.LVL7
 729 03ce 84050000 		.4byte	0x584
 730 03d2 DD030000 		.4byte	0x3dd
 731 03d6 16       		.uleb128 0x16
 732 03d7 01       		.uleb128 0x1
 733 03d8 50       		.byte	0x50
 734 03d9 02       		.uleb128 0x2
 735 03da 74       		.byte	0x74
 736 03db 00       		.sleb128 0
 737 03dc 00       		.byte	0
 738 03dd 15       		.uleb128 0x15
 739 03de 56000000 		.4byte	.LVL8
 740 03e2 8F050000 		.4byte	0x58f
 741 03e6 F4030000 		.4byte	0x3f4
 742 03ea 16       		.uleb128 0x16
 743 03eb 01       		.uleb128 0x1
 744 03ec 50       		.byte	0x50
 745 03ed 05       		.uleb128 0x5
 746 03ee 03       		.byte	0x3
 747 03ef 00000000 		.4byte	usb_s
 748 03f3 00       		.byte	0
 749 03f4 14       		.uleb128 0x14
 750 03f5 5A000000 		.4byte	.LVL9
 751 03f9 9A050000 		.4byte	0x59a
 752 03fd 15       		.uleb128 0x15
 753 03fe 8A000000 		.4byte	.LVL10
 754 0402 A5050000 		.4byte	0x5a5
 755 0406 11040000 		.4byte	0x411
 756 040a 16       		.uleb128 0x16
ARM GAS  C:\Users\pajoh\AppData\Local\Temp\ccMIEgcE.s 			page 16


 757 040b 01       		.uleb128 0x1
 758 040c 50       		.byte	0x50
 759 040d 02       		.uleb128 0x2
 760 040e 74       		.byte	0x74
 761 040f 00       		.sleb128 0
 762 0410 00       		.byte	0
 763 0411 15       		.uleb128 0x15
 764 0412 94000000 		.4byte	.LVL11
 765 0416 B0050000 		.4byte	0x5b0
 766 041a 2B040000 		.4byte	0x42b
 767 041e 16       		.uleb128 0x16
 768 041f 01       		.uleb128 0x1
 769 0420 50       		.byte	0x50
 770 0421 02       		.uleb128 0x2
 771 0422 74       		.byte	0x74
 772 0423 00       		.sleb128 0
 773 0424 16       		.uleb128 0x16
 774 0425 01       		.uleb128 0x1
 775 0426 51       		.byte	0x51
 776 0427 02       		.uleb128 0x2
 777 0428 76       		.byte	0x76
 778 0429 00       		.sleb128 0
 779 042a 00       		.byte	0
 780 042b 15       		.uleb128 0x15
 781 042c 9A000000 		.4byte	.LVL12
 782 0430 BB050000 		.4byte	0x5bb
 783 0434 3F040000 		.4byte	0x43f
 784 0438 16       		.uleb128 0x16
 785 0439 01       		.uleb128 0x1
 786 043a 50       		.byte	0x50
 787 043b 02       		.uleb128 0x2
 788 043c 76       		.byte	0x76
 789 043d 00       		.sleb128 0
 790 043e 00       		.byte	0
 791 043f 15       		.uleb128 0x15
 792 0440 A0000000 		.4byte	.LVL13
 793 0444 C6050000 		.4byte	0x5c6
 794 0448 53040000 		.4byte	0x453
 795 044c 16       		.uleb128 0x16
 796 044d 01       		.uleb128 0x1
 797 044e 50       		.byte	0x50
 798 044f 02       		.uleb128 0x2
 799 0450 74       		.byte	0x74
 800 0451 00       		.sleb128 0
 801 0452 00       		.byte	0
 802 0453 15       		.uleb128 0x15
 803 0454 A6000000 		.4byte	.LVL14
 804 0458 D1050000 		.4byte	0x5d1
 805 045c 67040000 		.4byte	0x467
 806 0460 16       		.uleb128 0x16
 807 0461 01       		.uleb128 0x1
 808 0462 50       		.byte	0x50
 809 0463 02       		.uleb128 0x2
 810 0464 75       		.byte	0x75
 811 0465 00       		.sleb128 0
 812 0466 00       		.byte	0
 813 0467 14       		.uleb128 0x14
ARM GAS  C:\Users\pajoh\AppData\Local\Temp\ccMIEgcE.s 			page 17


 814 0468 AE000000 		.4byte	.LVL15
 815 046c DC050000 		.4byte	0x5dc
 816 0470 00       		.byte	0
 817 0471 17       		.uleb128 0x17
 818 0472 A6020000 		.4byte	.LASF60
 819 0476 07       		.byte	0x7
 820 0477 1207     		.2byte	0x712
 821 0479 7D040000 		.4byte	0x47d
 822 047d 06       		.uleb128 0x6
 823 047e 76000000 		.4byte	0x76
 824 0482 18       		.uleb128 0x18
 825 0483 F8020000 		.4byte	.LASF61
 826 0487 01       		.byte	0x1
 827 0488 23       		.byte	0x23
 828 0489 5E010000 		.4byte	0x15e
 829 048d 05       		.uleb128 0x5
 830 048e 03       		.byte	0x3
 831 048f 00000000 		.4byte	buffer
 832 0493 18       		.uleb128 0x18
 833 0494 59010000 		.4byte	.LASF62
 834 0498 01       		.byte	0x1
 835 0499 23       		.byte	0x23
 836 049a 81000000 		.4byte	0x81
 837 049e 05       		.uleb128 0x5
 838 049f 03       		.byte	0x3
 839 04a0 00000000 		.4byte	length
 840 04a4 18       		.uleb128 0x18
 841 04a5 40030000 		.4byte	.LASF63
 842 04a9 01       		.byte	0x1
 843 04aa 24       		.byte	0x24
 844 04ab 8D000000 		.4byte	0x8d
 845 04af 05       		.uleb128 0x5
 846 04b0 03       		.byte	0x3
 847 04b1 00000000 		.4byte	analogRead
 848 04b5 18       		.uleb128 0x18
 849 04b6 CB020000 		.4byte	.LASF64
 850 04ba 01       		.byte	0x1
 851 04bb 25       		.byte	0x25
 852 04bc 68000000 		.4byte	0x68
 853 04c0 05       		.uleb128 0x5
 854 04c1 03       		.byte	0x3
 855 04c2 00000000 		.4byte	sample_count
 856 04c6 19       		.uleb128 0x19
 857 04c7 6900     		.ascii	"i\000"
 858 04c9 01       		.byte	0x1
 859 04ca 26       		.byte	0x26
 860 04cb 68000000 		.4byte	0x68
 861 04cf 05       		.uleb128 0x5
 862 04d0 03       		.byte	0x3
 863 04d1 00000000 		.4byte	i
 864 04d5 18       		.uleb128 0x18
 865 04d6 C5010000 		.4byte	.LASF50
 866 04da 01       		.byte	0x1
 867 04db 28       		.byte	0x28
 868 04dc CF000000 		.4byte	0xcf
 869 04e0 05       		.uleb128 0x5
 870 04e1 03       		.byte	0x3
ARM GAS  C:\Users\pajoh\AppData\Local\Temp\ccMIEgcE.s 			page 18


 871 04e2 00000000 		.4byte	name
 872 04e6 18       		.uleb128 0x18
 873 04e7 65020000 		.4byte	.LASF65
 874 04eb 01       		.byte	0x1
 875 04ec 2A       		.byte	0x2a
 876 04ed EF020000 		.4byte	0x2ef
 877 04f1 05       		.uleb128 0x5
 878 04f2 03       		.byte	0x3
 879 04f3 00000000 		.4byte	log_s
 880 04f7 18       		.uleb128 0x18
 881 04f8 69030000 		.4byte	.LASF66
 882 04fc 01       		.byte	0x1
 883 04fd 2B       		.byte	0x2b
 884 04fe 93010000 		.4byte	0x193
 885 0502 05       		.uleb128 0x5
 886 0503 03       		.byte	0x3
 887 0504 00000000 		.4byte	usb_s
 888 0508 18       		.uleb128 0x18
 889 0509 BB020000 		.4byte	.LASF67
 890 050d 01       		.byte	0x1
 891 050e 2C       		.byte	0x2c
 892 050f 81000000 		.4byte	0x81
 893 0513 05       		.uleb128 0x5
 894 0514 03       		.byte	0x3
 895 0515 00000000 		.4byte	dumvar1
 896 0519 18       		.uleb128 0x18
 897 051a C3020000 		.4byte	.LASF68
 898 051e 01       		.byte	0x1
 899 051f 2D       		.byte	0x2d
 900 0520 8D000000 		.4byte	0x8d
 901 0524 05       		.uleb128 0x5
 902 0525 03       		.byte	0x3
 903 0526 00000000 		.4byte	dumvar2
 904 052a 18       		.uleb128 0x18
 905 052b 5B000000 		.4byte	.LASF69
 906 052f 01       		.byte	0x1
 907 0530 2E       		.byte	0x2e
 908 0531 99000000 		.4byte	0x99
 909 0535 05       		.uleb128 0x5
 910 0536 03       		.byte	0x3
 911 0537 00000000 		.4byte	dumvar3
 912 053b 18       		.uleb128 0x18
 913 053c D6010000 		.4byte	.LASF70
 914 0540 01       		.byte	0x1
 915 0541 30       		.byte	0x30
 916 0542 BA000000 		.4byte	0xba
 917 0546 05       		.uleb128 0x5
 918 0547 03       		.byte	0x3
 919 0548 00000000 		.4byte	main_flag
 920 054c 1A       		.uleb128 0x1a
 921 054d 77020000 		.4byte	.LASF71
 922 0551 77020000 		.4byte	.LASF71
 923 0555 08       		.byte	0x8
 924 0556 3A       		.byte	0x3a
 925 0557 1A       		.uleb128 0x1a
 926 0558 6F030000 		.4byte	.LASF72
 927 055c 6F030000 		.4byte	.LASF72
ARM GAS  C:\Users\pajoh\AppData\Local\Temp\ccMIEgcE.s 			page 19


 928 0560 08       		.byte	0x8
 929 0561 3D       		.byte	0x3d
 930 0562 1B       		.uleb128 0x1b
 931 0563 89030000 		.4byte	.LASF73
 932 0567 89030000 		.4byte	.LASF73
 933 056b 09       		.byte	0x9
 934 056c 2701     		.2byte	0x127
 935 056e 1A       		.uleb128 0x1a
 936 056f D8020000 		.4byte	.LASF74
 937 0573 D8020000 		.4byte	.LASF74
 938 0577 06       		.byte	0x6
 939 0578 3A       		.byte	0x3a
 940 0579 1A       		.uleb128 0x1a
 941 057a 1A020000 		.4byte	.LASF75
 942 057e 1A020000 		.4byte	.LASF75
 943 0582 06       		.byte	0x6
 944 0583 3B       		.byte	0x3b
 945 0584 1A       		.uleb128 0x1a
 946 0585 2A020000 		.4byte	.LASF76
 947 0589 2A020000 		.4byte	.LASF76
 948 058d 06       		.byte	0x6
 949 058e 3D       		.byte	0x3d
 950 058f 1A       		.uleb128 0x1a
 951 0590 E9020000 		.4byte	.LASF77
 952 0594 E9020000 		.4byte	.LASF77
 953 0598 05       		.byte	0x5
 954 0599 48       		.byte	0x48
 955 059a 1A       		.uleb128 0x1a
 956 059b 83010000 		.4byte	.LASF78
 957 059f 83010000 		.4byte	.LASF78
 958 05a3 0A       		.byte	0xa
 959 05a4 17       		.byte	0x17
 960 05a5 1A       		.uleb128 0x1a
 961 05a6 DC000000 		.4byte	.LASF79
 962 05aa DC000000 		.4byte	.LASF79
 963 05ae 06       		.byte	0x6
 964 05af 3C       		.byte	0x3c
 965 05b0 1A       		.uleb128 0x1a
 966 05b1 08000000 		.4byte	.LASF80
 967 05b5 08000000 		.4byte	.LASF80
 968 05b9 06       		.byte	0x6
 969 05ba 44       		.byte	0x44
 970 05bb 1A       		.uleb128 0x1a
 971 05bc 2E010000 		.4byte	.LASF81
 972 05c0 2E010000 		.4byte	.LASF81
 973 05c4 05       		.byte	0x5
 974 05c5 46       		.byte	0x46
 975 05c6 1A       		.uleb128 0x1a
 976 05c7 49020000 		.4byte	.LASF82
 977 05cb 49020000 		.4byte	.LASF82
 978 05cf 06       		.byte	0x6
 979 05d0 43       		.byte	0x43
 980 05d1 1A       		.uleb128 0x1a
 981 05d2 0B010000 		.4byte	.LASF83
 982 05d6 0B010000 		.4byte	.LASF83
 983 05da 08       		.byte	0x8
 984 05db 3F       		.byte	0x3f
ARM GAS  C:\Users\pajoh\AppData\Local\Temp\ccMIEgcE.s 			page 20


 985 05dc 1A       		.uleb128 0x1a
 986 05dd 40010000 		.4byte	.LASF84
 987 05e1 40010000 		.4byte	.LASF84
 988 05e5 08       		.byte	0x8
 989 05e6 41       		.byte	0x41
 990 05e7 00       		.byte	0
 991              		.section	.debug_abbrev,"",%progbits
 992              	.Ldebug_abbrev0:
 993 0000 01       		.uleb128 0x1
 994 0001 11       		.uleb128 0x11
 995 0002 01       		.byte	0x1
 996 0003 25       		.uleb128 0x25
 997 0004 0E       		.uleb128 0xe
 998 0005 13       		.uleb128 0x13
 999 0006 0B       		.uleb128 0xb
 1000 0007 03       		.uleb128 0x3
 1001 0008 0E       		.uleb128 0xe
 1002 0009 1B       		.uleb128 0x1b
 1003 000a 0E       		.uleb128 0xe
 1004 000b 55       		.uleb128 0x55
 1005 000c 17       		.uleb128 0x17
 1006 000d 11       		.uleb128 0x11
 1007 000e 01       		.uleb128 0x1
 1008 000f 10       		.uleb128 0x10
 1009 0010 17       		.uleb128 0x17
 1010 0011 00       		.byte	0
 1011 0012 00       		.byte	0
 1012 0013 02       		.uleb128 0x2
 1013 0014 24       		.uleb128 0x24
 1014 0015 00       		.byte	0
 1015 0016 0B       		.uleb128 0xb
 1016 0017 0B       		.uleb128 0xb
 1017 0018 3E       		.uleb128 0x3e
 1018 0019 0B       		.uleb128 0xb
 1019 001a 03       		.uleb128 0x3
 1020 001b 0E       		.uleb128 0xe
 1021 001c 00       		.byte	0
 1022 001d 00       		.byte	0
 1023 001e 03       		.uleb128 0x3
 1024 001f 16       		.uleb128 0x16
 1025 0020 00       		.byte	0
 1026 0021 03       		.uleb128 0x3
 1027 0022 0E       		.uleb128 0xe
 1028 0023 3A       		.uleb128 0x3a
 1029 0024 0B       		.uleb128 0xb
 1030 0025 3B       		.uleb128 0x3b
 1031 0026 0B       		.uleb128 0xb
 1032 0027 49       		.uleb128 0x49
 1033 0028 13       		.uleb128 0x13
 1034 0029 00       		.byte	0
 1035 002a 00       		.byte	0
 1036 002b 04       		.uleb128 0x4
 1037 002c 24       		.uleb128 0x24
 1038 002d 00       		.byte	0
 1039 002e 0B       		.uleb128 0xb
 1040 002f 0B       		.uleb128 0xb
 1041 0030 3E       		.uleb128 0x3e
ARM GAS  C:\Users\pajoh\AppData\Local\Temp\ccMIEgcE.s 			page 21


 1042 0031 0B       		.uleb128 0xb
 1043 0032 03       		.uleb128 0x3
 1044 0033 08       		.uleb128 0x8
 1045 0034 00       		.byte	0
 1046 0035 00       		.byte	0
 1047 0036 05       		.uleb128 0x5
 1048 0037 16       		.uleb128 0x16
 1049 0038 00       		.byte	0
 1050 0039 03       		.uleb128 0x3
 1051 003a 0E       		.uleb128 0xe
 1052 003b 3A       		.uleb128 0x3a
 1053 003c 0B       		.uleb128 0xb
 1054 003d 3B       		.uleb128 0x3b
 1055 003e 05       		.uleb128 0x5
 1056 003f 49       		.uleb128 0x49
 1057 0040 13       		.uleb128 0x13
 1058 0041 00       		.byte	0
 1059 0042 00       		.byte	0
 1060 0043 06       		.uleb128 0x6
 1061 0044 35       		.uleb128 0x35
 1062 0045 00       		.byte	0
 1063 0046 49       		.uleb128 0x49
 1064 0047 13       		.uleb128 0x13
 1065 0048 00       		.byte	0
 1066 0049 00       		.byte	0
 1067 004a 07       		.uleb128 0x7
 1068 004b 0F       		.uleb128 0xf
 1069 004c 00       		.byte	0
 1070 004d 0B       		.uleb128 0xb
 1071 004e 0B       		.uleb128 0xb
 1072 004f 00       		.byte	0
 1073 0050 00       		.byte	0
 1074 0051 08       		.uleb128 0x8
 1075 0052 0F       		.uleb128 0xf
 1076 0053 00       		.byte	0
 1077 0054 0B       		.uleb128 0xb
 1078 0055 0B       		.uleb128 0xb
 1079 0056 49       		.uleb128 0x49
 1080 0057 13       		.uleb128 0x13
 1081 0058 00       		.byte	0
 1082 0059 00       		.byte	0
 1083 005a 09       		.uleb128 0x9
 1084 005b 13       		.uleb128 0x13
 1085 005c 01       		.byte	0x1
 1086 005d 03       		.uleb128 0x3
 1087 005e 0E       		.uleb128 0xe
 1088 005f 0B       		.uleb128 0xb
 1089 0060 0B       		.uleb128 0xb
 1090 0061 3A       		.uleb128 0x3a
 1091 0062 0B       		.uleb128 0xb
 1092 0063 3B       		.uleb128 0x3b
 1093 0064 0B       		.uleb128 0xb
 1094 0065 01       		.uleb128 0x1
 1095 0066 13       		.uleb128 0x13
 1096 0067 00       		.byte	0
 1097 0068 00       		.byte	0
 1098 0069 0A       		.uleb128 0xa
ARM GAS  C:\Users\pajoh\AppData\Local\Temp\ccMIEgcE.s 			page 22


 1099 006a 0D       		.uleb128 0xd
 1100 006b 00       		.byte	0
 1101 006c 03       		.uleb128 0x3
 1102 006d 0E       		.uleb128 0xe
 1103 006e 3A       		.uleb128 0x3a
 1104 006f 0B       		.uleb128 0xb
 1105 0070 3B       		.uleb128 0x3b
 1106 0071 0B       		.uleb128 0xb
 1107 0072 49       		.uleb128 0x49
 1108 0073 13       		.uleb128 0x13
 1109 0074 38       		.uleb128 0x38
 1110 0075 0B       		.uleb128 0xb
 1111 0076 00       		.byte	0
 1112 0077 00       		.byte	0
 1113 0078 0B       		.uleb128 0xb
 1114 0079 13       		.uleb128 0x13
 1115 007a 00       		.byte	0
 1116 007b 03       		.uleb128 0x3
 1117 007c 0E       		.uleb128 0xe
 1118 007d 0B       		.uleb128 0xb
 1119 007e 0B       		.uleb128 0xb
 1120 007f 3A       		.uleb128 0x3a
 1121 0080 0B       		.uleb128 0xb
 1122 0081 3B       		.uleb128 0x3b
 1123 0082 0B       		.uleb128 0xb
 1124 0083 00       		.byte	0
 1125 0084 00       		.byte	0
 1126 0085 0C       		.uleb128 0xc
 1127 0086 01       		.uleb128 0x1
 1128 0087 01       		.byte	0x1
 1129 0088 49       		.uleb128 0x49
 1130 0089 13       		.uleb128 0x13
 1131 008a 01       		.uleb128 0x1
 1132 008b 13       		.uleb128 0x13
 1133 008c 00       		.byte	0
 1134 008d 00       		.byte	0
 1135 008e 0D       		.uleb128 0xd
 1136 008f 21       		.uleb128 0x21
 1137 0090 00       		.byte	0
 1138 0091 49       		.uleb128 0x49
 1139 0092 13       		.uleb128 0x13
 1140 0093 2F       		.uleb128 0x2f
 1141 0094 0B       		.uleb128 0xb
 1142 0095 00       		.byte	0
 1143 0096 00       		.byte	0
 1144 0097 0E       		.uleb128 0xe
 1145 0098 04       		.uleb128 0x4
 1146 0099 01       		.byte	0x1
 1147 009a 03       		.uleb128 0x3
 1148 009b 0E       		.uleb128 0xe
 1149 009c 0B       		.uleb128 0xb
 1150 009d 0B       		.uleb128 0xb
 1151 009e 49       		.uleb128 0x49
 1152 009f 13       		.uleb128 0x13
 1153 00a0 3A       		.uleb128 0x3a
 1154 00a1 0B       		.uleb128 0xb
 1155 00a2 3B       		.uleb128 0x3b
ARM GAS  C:\Users\pajoh\AppData\Local\Temp\ccMIEgcE.s 			page 23


 1156 00a3 0B       		.uleb128 0xb
 1157 00a4 01       		.uleb128 0x1
 1158 00a5 13       		.uleb128 0x13
 1159 00a6 00       		.byte	0
 1160 00a7 00       		.byte	0
 1161 00a8 0F       		.uleb128 0xf
 1162 00a9 28       		.uleb128 0x28
 1163 00aa 00       		.byte	0
 1164 00ab 03       		.uleb128 0x3
 1165 00ac 0E       		.uleb128 0xe
 1166 00ad 1C       		.uleb128 0x1c
 1167 00ae 0B       		.uleb128 0xb
 1168 00af 00       		.byte	0
 1169 00b0 00       		.byte	0
 1170 00b1 10       		.uleb128 0x10
 1171 00b2 13       		.uleb128 0x13
 1172 00b3 01       		.byte	0x1
 1173 00b4 03       		.uleb128 0x3
 1174 00b5 08       		.uleb128 0x8
 1175 00b6 0B       		.uleb128 0xb
 1176 00b7 0B       		.uleb128 0xb
 1177 00b8 3A       		.uleb128 0x3a
 1178 00b9 0B       		.uleb128 0xb
 1179 00ba 3B       		.uleb128 0x3b
 1180 00bb 0B       		.uleb128 0xb
 1181 00bc 01       		.uleb128 0x1
 1182 00bd 13       		.uleb128 0x13
 1183 00be 00       		.byte	0
 1184 00bf 00       		.byte	0
 1185 00c0 11       		.uleb128 0x11
 1186 00c1 13       		.uleb128 0x13
 1187 00c2 01       		.byte	0x1
 1188 00c3 03       		.uleb128 0x3
 1189 00c4 08       		.uleb128 0x8
 1190 00c5 0B       		.uleb128 0xb
 1191 00c6 05       		.uleb128 0x5
 1192 00c7 3A       		.uleb128 0x3a
 1193 00c8 0B       		.uleb128 0xb
 1194 00c9 3B       		.uleb128 0x3b
 1195 00ca 0B       		.uleb128 0xb
 1196 00cb 01       		.uleb128 0x1
 1197 00cc 13       		.uleb128 0x13
 1198 00cd 00       		.byte	0
 1199 00ce 00       		.byte	0
 1200 00cf 12       		.uleb128 0x12
 1201 00d0 0D       		.uleb128 0xd
 1202 00d1 00       		.byte	0
 1203 00d2 03       		.uleb128 0x3
 1204 00d3 0E       		.uleb128 0xe
 1205 00d4 3A       		.uleb128 0x3a
 1206 00d5 0B       		.uleb128 0xb
 1207 00d6 3B       		.uleb128 0x3b
 1208 00d7 0B       		.uleb128 0xb
 1209 00d8 49       		.uleb128 0x49
 1210 00d9 13       		.uleb128 0x13
 1211 00da 38       		.uleb128 0x38
 1212 00db 05       		.uleb128 0x5
ARM GAS  C:\Users\pajoh\AppData\Local\Temp\ccMIEgcE.s 			page 24


 1213 00dc 00       		.byte	0
 1214 00dd 00       		.byte	0
 1215 00de 13       		.uleb128 0x13
 1216 00df 2E       		.uleb128 0x2e
 1217 00e0 01       		.byte	0x1
 1218 00e1 3F       		.uleb128 0x3f
 1219 00e2 19       		.uleb128 0x19
 1220 00e3 03       		.uleb128 0x3
 1221 00e4 0E       		.uleb128 0xe
 1222 00e5 3A       		.uleb128 0x3a
 1223 00e6 0B       		.uleb128 0xb
 1224 00e7 3B       		.uleb128 0x3b
 1225 00e8 0B       		.uleb128 0xb
 1226 00e9 27       		.uleb128 0x27
 1227 00ea 19       		.uleb128 0x19
 1228 00eb 49       		.uleb128 0x49
 1229 00ec 13       		.uleb128 0x13
 1230 00ed 8701     		.uleb128 0x87
 1231 00ef 19       		.uleb128 0x19
 1232 00f0 11       		.uleb128 0x11
 1233 00f1 01       		.uleb128 0x1
 1234 00f2 12       		.uleb128 0x12
 1235 00f3 06       		.uleb128 0x6
 1236 00f4 40       		.uleb128 0x40
 1237 00f5 18       		.uleb128 0x18
 1238 00f6 9742     		.uleb128 0x2117
 1239 00f8 19       		.uleb128 0x19
 1240 00f9 01       		.uleb128 0x1
 1241 00fa 13       		.uleb128 0x13
 1242 00fb 00       		.byte	0
 1243 00fc 00       		.byte	0
 1244 00fd 14       		.uleb128 0x14
 1245 00fe 898201   		.uleb128 0x4109
 1246 0101 00       		.byte	0
 1247 0102 11       		.uleb128 0x11
 1248 0103 01       		.uleb128 0x1
 1249 0104 31       		.uleb128 0x31
 1250 0105 13       		.uleb128 0x13
 1251 0106 00       		.byte	0
 1252 0107 00       		.byte	0
 1253 0108 15       		.uleb128 0x15
 1254 0109 898201   		.uleb128 0x4109
 1255 010c 01       		.byte	0x1
 1256 010d 11       		.uleb128 0x11
 1257 010e 01       		.uleb128 0x1
 1258 010f 31       		.uleb128 0x31
 1259 0110 13       		.uleb128 0x13
 1260 0111 01       		.uleb128 0x1
 1261 0112 13       		.uleb128 0x13
 1262 0113 00       		.byte	0
 1263 0114 00       		.byte	0
 1264 0115 16       		.uleb128 0x16
 1265 0116 8A8201   		.uleb128 0x410a
 1266 0119 00       		.byte	0
 1267 011a 02       		.uleb128 0x2
 1268 011b 18       		.uleb128 0x18
 1269 011c 9142     		.uleb128 0x2111
ARM GAS  C:\Users\pajoh\AppData\Local\Temp\ccMIEgcE.s 			page 25


 1270 011e 18       		.uleb128 0x18
 1271 011f 00       		.byte	0
 1272 0120 00       		.byte	0
 1273 0121 17       		.uleb128 0x17
 1274 0122 34       		.uleb128 0x34
 1275 0123 00       		.byte	0
 1276 0124 03       		.uleb128 0x3
 1277 0125 0E       		.uleb128 0xe
 1278 0126 3A       		.uleb128 0x3a
 1279 0127 0B       		.uleb128 0xb
 1280 0128 3B       		.uleb128 0x3b
 1281 0129 05       		.uleb128 0x5
 1282 012a 49       		.uleb128 0x49
 1283 012b 13       		.uleb128 0x13
 1284 012c 3F       		.uleb128 0x3f
 1285 012d 19       		.uleb128 0x19
 1286 012e 3C       		.uleb128 0x3c
 1287 012f 19       		.uleb128 0x19
 1288 0130 00       		.byte	0
 1289 0131 00       		.byte	0
 1290 0132 18       		.uleb128 0x18
 1291 0133 34       		.uleb128 0x34
 1292 0134 00       		.byte	0
 1293 0135 03       		.uleb128 0x3
 1294 0136 0E       		.uleb128 0xe
 1295 0137 3A       		.uleb128 0x3a
 1296 0138 0B       		.uleb128 0xb
 1297 0139 3B       		.uleb128 0x3b
 1298 013a 0B       		.uleb128 0xb
 1299 013b 49       		.uleb128 0x49
 1300 013c 13       		.uleb128 0x13
 1301 013d 3F       		.uleb128 0x3f
 1302 013e 19       		.uleb128 0x19
 1303 013f 02       		.uleb128 0x2
 1304 0140 18       		.uleb128 0x18
 1305 0141 00       		.byte	0
 1306 0142 00       		.byte	0
 1307 0143 19       		.uleb128 0x19
 1308 0144 34       		.uleb128 0x34
 1309 0145 00       		.byte	0
 1310 0146 03       		.uleb128 0x3
 1311 0147 08       		.uleb128 0x8
 1312 0148 3A       		.uleb128 0x3a
 1313 0149 0B       		.uleb128 0xb
 1314 014a 3B       		.uleb128 0x3b
 1315 014b 0B       		.uleb128 0xb
 1316 014c 49       		.uleb128 0x49
 1317 014d 13       		.uleb128 0x13
 1318 014e 3F       		.uleb128 0x3f
 1319 014f 19       		.uleb128 0x19
 1320 0150 02       		.uleb128 0x2
 1321 0151 18       		.uleb128 0x18
 1322 0152 00       		.byte	0
 1323 0153 00       		.byte	0
 1324 0154 1A       		.uleb128 0x1a
 1325 0155 2E       		.uleb128 0x2e
 1326 0156 00       		.byte	0
ARM GAS  C:\Users\pajoh\AppData\Local\Temp\ccMIEgcE.s 			page 26


 1327 0157 3F       		.uleb128 0x3f
 1328 0158 19       		.uleb128 0x19
 1329 0159 3C       		.uleb128 0x3c
 1330 015a 19       		.uleb128 0x19
 1331 015b 6E       		.uleb128 0x6e
 1332 015c 0E       		.uleb128 0xe
 1333 015d 03       		.uleb128 0x3
 1334 015e 0E       		.uleb128 0xe
 1335 015f 3A       		.uleb128 0x3a
 1336 0160 0B       		.uleb128 0xb
 1337 0161 3B       		.uleb128 0x3b
 1338 0162 0B       		.uleb128 0xb
 1339 0163 00       		.byte	0
 1340 0164 00       		.byte	0
 1341 0165 1B       		.uleb128 0x1b
 1342 0166 2E       		.uleb128 0x2e
 1343 0167 00       		.byte	0
 1344 0168 3F       		.uleb128 0x3f
 1345 0169 19       		.uleb128 0x19
 1346 016a 3C       		.uleb128 0x3c
 1347 016b 19       		.uleb128 0x19
 1348 016c 6E       		.uleb128 0x6e
 1349 016d 0E       		.uleb128 0xe
 1350 016e 03       		.uleb128 0x3
 1351 016f 0E       		.uleb128 0xe
 1352 0170 3A       		.uleb128 0x3a
 1353 0171 0B       		.uleb128 0xb
 1354 0172 3B       		.uleb128 0x3b
 1355 0173 05       		.uleb128 0x5
 1356 0174 00       		.byte	0
 1357 0175 00       		.byte	0
 1358 0176 00       		.byte	0
 1359              		.section	.debug_aranges,"",%progbits
 1360 0000 1C000000 		.4byte	0x1c
 1361 0004 0200     		.2byte	0x2
 1362 0006 00000000 		.4byte	.Ldebug_info0
 1363 000a 04       		.byte	0x4
 1364 000b 00       		.byte	0
 1365 000c 0000     		.2byte	0
 1366 000e 0000     		.2byte	0
 1367 0010 00000000 		.4byte	.LFB64
 1368 0014 D8000000 		.4byte	.LFE64-.LFB64
 1369 0018 00000000 		.4byte	0
 1370 001c 00000000 		.4byte	0
 1371              		.section	.debug_ranges,"",%progbits
 1372              	.Ldebug_ranges0:
 1373 0000 00000000 		.4byte	.LFB64
 1374 0004 D8000000 		.4byte	.LFE64
 1375 0008 00000000 		.4byte	0
 1376 000c 00000000 		.4byte	0
 1377              		.section	.debug_line,"",%progbits
 1378              	.Ldebug_line0:
 1379 0000 C2010000 		.section	.debug_str,"MS",%progbits,1
 1379      02009601 
 1379      00000201 
 1379      FB0E0D00 
 1379      01010101 
ARM GAS  C:\Users\pajoh\AppData\Local\Temp\ccMIEgcE.s 			page 27


 1380              	.LASF89:
 1381 0000 74797065 		.ascii	"types_e\000"
 1381      735F6500 
 1382              	.LASF80:
 1383 0008 6765745F 		.ascii	"get_command_usb\000"
 1383      636F6D6D 
 1383      616E645F 
 1383      75736200 
 1384              	.LASF31:
 1385 0018 6F75745F 		.ascii	"out_flag\000"
 1385      666C6167 
 1385      00
 1386              	.LASF22:
 1387 0021 7573625F 		.ascii	"usb_cmd_s\000"
 1387      636D645F 
 1387      7300
 1388              	.LASF21:
 1389 002b 73746174 		.ascii	"state\000"
 1389      6500
 1390              	.LASF2:
 1391 0031 73686F72 		.ascii	"short int\000"
 1391      7420696E 
 1391      7400
 1392              	.LASF52:
 1393 003b 63697263 		.ascii	"circbuff\000"
 1393      62756666 
 1393      00
 1394              	.LASF18:
 1395 0044 73697A65 		.ascii	"sizetype\000"
 1395      74797065 
 1395      00
 1396              	.LASF23:
 1397 004d 7472616E 		.ascii	"transmit_flag\000"
 1397      736D6974 
 1397      5F666C61 
 1397      6700
 1398              	.LASF69:
 1399 005b 64756D76 		.ascii	"dumvar3\000"
 1399      61723300 
 1400              	.LASF87:
 1401 0063 433A5C55 		.ascii	"C:\\Users\\pajoh\\projects\\PSoC-data-plotting\\USB"
 1401      73657273 
 1401      5C70616A 
 1401      6F685C70 
 1401      726F6A65 
 1402 0091 5C637970 		.ascii	"\\cypress\\USB_data\\USB_first.cydsn\000"
 1402      72657373 
 1402      5C555342 
 1402      5F646174 
 1402      615C5553 
 1403              	.LASF29:
 1404 00b3 7573625F 		.ascii	"usb_output\000"
 1404      6F757470 
 1404      757400
 1405              	.LASF41:
 1406 00be 55494E54 		.ascii	"UINT32\000"
 1406      333200
ARM GAS  C:\Users\pajoh\AppData\Local\Temp\ccMIEgcE.s 			page 28


 1407              	.LASF90:
 1408 00c5 6D61696E 		.ascii	"main\000"
 1408      00
 1409              	.LASF20:
 1410 00ca 7573625F 		.ascii	"usb_public\000"
 1410      7075626C 
 1410      696300
 1411              	.LASF32:
 1412 00d5 7573625F 		.ascii	"usb_ts\000"
 1412      747300
 1413              	.LASF79:
 1414 00dc 6C6F6767 		.ascii	"logger\000"
 1414      657200
 1415              	.LASF24:
 1416 00e3 636D645F 		.ascii	"cmd_flag\000"
 1416      666C6167 
 1416      00
 1417              	.LASF38:
 1418 00ec 494E5438 		.ascii	"INT8\000"
 1418      00
 1419              	.LASF35:
 1420 00f1 7573625F 		.ascii	"usb_in\000"
 1420      696E00
 1421              	.LASF12:
 1422 00f8 75696E74 		.ascii	"uint16\000"
 1422      313600
 1423              	.LASF88:
 1424 00ff 7573625F 		.ascii	"usb_private\000"
 1424      70726976 
 1424      61746500 
 1425              	.LASF83:
 1426 010b 4144435F 		.ascii	"ADC_DelSig_1_IsEndConversion\000"
 1426      44656C53 
 1426      69675F31 
 1426      5F497345 
 1426      6E64436F 
 1427              	.LASF11:
 1428 0128 75696E74 		.ascii	"uint8\000"
 1428      3800
 1429              	.LASF81:
 1430 012e 7573625F 		.ascii	"usb_task\000"
 1430      7461736B 
 1430      00
 1431              	.LASF58:
 1432 0137 6E756D5F 		.ascii	"num_vars\000"
 1432      76617273 
 1432      00
 1433              	.LASF84:
 1434 0140 4144435F 		.ascii	"ADC_DelSig_1_GetResult16\000"
 1434      44656C53 
 1434      69675F31 
 1434      5F476574 
 1434      52657375 
 1435              	.LASF62:
 1436 0159 6C656E67 		.ascii	"length\000"
 1436      746800
 1437              	.LASF14:
ARM GAS  C:\Users\pajoh\AppData\Local\Temp\ccMIEgcE.s 			page 29


 1438 0160 666C6F61 		.ascii	"float\000"
 1438      7400
 1439              	.LASF6:
 1440 0166 6C6F6E67 		.ascii	"long long int\000"
 1440      206C6F6E 
 1440      6720696E 
 1440      7400
 1441              	.LASF59:
 1442 0174 4C6F675F 		.ascii	"Log_ts\000"
 1442      747300
 1443              	.LASF34:
 1444 017b 7573625F 		.ascii	"usb_pub\000"
 1444      70756200 
 1445              	.LASF78:
 1446 0183 4C6F6F70 		.ascii	"Loop_Interrupt_Start\000"
 1446      5F496E74 
 1446      65727275 
 1446      70745F53 
 1446      74617274 
 1447              	.LASF4:
 1448 0198 6C6F6E67 		.ascii	"long int\000"
 1448      20696E74 
 1448      00
 1449              	.LASF47:
 1450 01a1 43484152 		.ascii	"CHAR\000"
 1450      00
 1451              	.LASF37:
 1452 01a6 55494E54 		.ascii	"UINT8\000"
 1452      3800
 1453              	.LASF56:
 1454 01ac 76617273 		.ascii	"vars\000"
 1454      00
 1455              	.LASF1:
 1456 01b1 756E7369 		.ascii	"unsigned char\000"
 1456      676E6564 
 1456      20636861 
 1456      7200
 1457              	.LASF40:
 1458 01bf 494E5431 		.ascii	"INT16\000"
 1458      3600
 1459              	.LASF50:
 1460 01c5 6E616D65 		.ascii	"name\000"
 1460      00
 1461              	.LASF17:
 1462 01ca 6C6F6E67 		.ascii	"long double\000"
 1462      20646F75 
 1462      626C6500 
 1463              	.LASF70:
 1464 01d6 6D61696E 		.ascii	"main_flag\000"
 1464      5F666C61 
 1464      6700
 1465              	.LASF53:
 1466 01e0 64617461 		.ascii	"data_index\000"
 1466      5F696E64 
 1466      657800
 1467              	.LASF46:
 1468 01eb 444F5542 		.ascii	"DOUBLE\000"
ARM GAS  C:\Users\pajoh\AppData\Local\Temp\ccMIEgcE.s 			page 30


 1468      4C4500
 1469              	.LASF0:
 1470 01f2 7369676E 		.ascii	"signed char\000"
 1470      65642063 
 1470      68617200 
 1471              	.LASF7:
 1472 01fe 6C6F6E67 		.ascii	"long long unsigned int\000"
 1472      206C6F6E 
 1472      6720756E 
 1472      7369676E 
 1472      65642069 
 1473              	.LASF49:
 1474 0215 74797065 		.ascii	"type\000"
 1474      00
 1475              	.LASF75:
 1476 021a 61747461 		.ascii	"attach_variable\000"
 1476      63685F76 
 1476      61726961 
 1476      626C6500 
 1477              	.LASF76:
 1478 022a 6765745F 		.ascii	"get_buffer\000"
 1478      62756666 
 1478      657200
 1479              	.LASF8:
 1480 0235 756E7369 		.ascii	"unsigned int\000"
 1480      676E6564 
 1480      20696E74 
 1480      00
 1481              	.LASF51:
 1482 0242 5661725F 		.ascii	"Var_ts\000"
 1482      747300
 1483              	.LASF82:
 1484 0249 636C6561 		.ascii	"clear_log\000"
 1484      725F6C6F 
 1484      6700
 1485              	.LASF5:
 1486 0253 6C6F6E67 		.ascii	"long unsigned int\000"
 1486      20756E73 
 1486      69676E65 
 1486      6420696E 
 1486      7400
 1487              	.LASF65:
 1488 0265 6C6F675F 		.ascii	"log_s\000"
 1488      7300
 1489              	.LASF55:
 1490 026b 43697263 		.ascii	"CircBuff_ts\000"
 1490      42756666 
 1490      5F747300 
 1491              	.LASF71:
 1492 0277 4144435F 		.ascii	"ADC_DelSig_1_Start\000"
 1492      44656C53 
 1492      69675F31 
 1492      5F537461 
 1492      727400
 1493              	.LASF36:
 1494 028a 7573625F 		.ascii	"usb_out\000"
 1494      6F757400 
ARM GAS  C:\Users\pajoh\AppData\Local\Temp\ccMIEgcE.s 			page 31


 1495              	.LASF33:
 1496 0292 7573625F 		.ascii	"usb_prv\000"
 1496      70727600 
 1497              	.LASF39:
 1498 029a 55494E54 		.ascii	"UINT16\000"
 1498      313600
 1499              	.LASF16:
 1500 02a1 63686172 		.ascii	"char\000"
 1500      00
 1501              	.LASF60:
 1502 02a6 49544D5F 		.ascii	"ITM_RxBuffer\000"
 1502      52784275 
 1502      66666572 
 1502      00
 1503              	.LASF10:
 1504 02b3 696E7433 		.ascii	"int32_t\000"
 1504      325F7400 
 1505              	.LASF67:
 1506 02bb 64756D76 		.ascii	"dumvar1\000"
 1506      61723100 
 1507              	.LASF68:
 1508 02c3 64756D76 		.ascii	"dumvar2\000"
 1508      61723200 
 1509              	.LASF64:
 1510 02cb 73616D70 		.ascii	"sample_count\000"
 1510      6C655F63 
 1510      6F756E74 
 1510      00
 1511              	.LASF74:
 1512 02d8 6C6F6767 		.ascii	"logger_init\000"
 1512      65725F69 
 1512      6E697400 
 1513              	.LASF26:
 1514 02e4 64617461 		.ascii	"data\000"
 1514      00
 1515              	.LASF77:
 1516 02e9 7573625F 		.ascii	"usb_set_stream\000"
 1516      7365745F 
 1516      73747265 
 1516      616D00
 1517              	.LASF61:
 1518 02f8 62756666 		.ascii	"buffer\000"
 1518      657200
 1519              	.LASF3:
 1520 02ff 73686F72 		.ascii	"short unsigned int\000"
 1520      7420756E 
 1520      7369676E 
 1520      65642069 
 1520      6E7400
 1521              	.LASF13:
 1522 0312 75696E74 		.ascii	"uint32\000"
 1522      333200
 1523              	.LASF86:
 1524 0319 6D61696E 		.ascii	"main.c\000"
 1524      2E6300
 1525              	.LASF54:
 1526 0320 64617461 		.ascii	"data_size\000"
ARM GAS  C:\Users\pajoh\AppData\Local\Temp\ccMIEgcE.s 			page 32


 1526      5F73697A 
 1526      6500
 1527              	.LASF44:
 1528 032a 494E5436 		.ascii	"INT64\000"
 1528      3400
 1529              	.LASF15:
 1530 0330 646F7562 		.ascii	"double\000"
 1530      6C6500
 1531              	.LASF30:
 1532 0337 72657370 		.ascii	"response\000"
 1532      6F6E7365 
 1532      00
 1533              	.LASF63:
 1534 0340 616E616C 		.ascii	"analogRead\000"
 1534      6F675265 
 1534      616400
 1535              	.LASF27:
 1536 034b 73697A65 		.ascii	"size\000"
 1536      00
 1537              	.LASF57:
 1538 0350 43697263 		.ascii	"CircBuff\000"
 1538      42756666 
 1538      00
 1539              	.LASF9:
 1540 0359 5F5F696E 		.ascii	"__int32_t\000"
 1540      7433325F 
 1540      7400
 1541              	.LASF45:
 1542 0363 464C4F41 		.ascii	"FLOAT\000"
 1542      5400
 1543              	.LASF66:
 1544 0369 7573625F 		.ascii	"usb_s\000"
 1544      7300
 1545              	.LASF72:
 1546 036f 4144435F 		.ascii	"ADC_DelSig_1_StartConvert\000"
 1546      44656C53 
 1546      69675F31 
 1546      5F537461 
 1546      7274436F 
 1547              	.LASF73:
 1548 0389 55534246 		.ascii	"USBFS_Start\000"
 1548      535F5374 
 1548      61727400 
 1549              	.LASF25:
 1550 0395 7573625F 		.ascii	"usb_input\000"
 1550      696E7075 
 1550      7400
 1551              	.LASF48:
 1552 039f 7661725F 		.ascii	"var_ptr\000"
 1552      70747200 
 1553              	.LASF85:
 1554 03a7 474E5520 		.ascii	"GNU C11 5.4.1 20160609 (release) [ARM/embedded-5-br"
 1554      43313120 
 1554      352E342E 
 1554      31203230 
 1554      31363036 
 1555 03da 616E6368 		.ascii	"anch revision 237715] -mcpu=cortex-m3 -mthumb -g -O"
ARM GAS  C:\Users\pajoh\AppData\Local\Temp\ccMIEgcE.s 			page 33


 1555      20726576 
 1555      6973696F 
 1555      6E203233 
 1555      37373135 
 1556 040d 67202D66 		.ascii	"g -ffunction-sections -ffat-lto-objects\000"
 1556      66756E63 
 1556      74696F6E 
 1556      2D736563 
 1556      74696F6E 
 1557              	.LASF42:
 1558 0435 494E5433 		.ascii	"INT32\000"
 1558      3200
 1559              	.LASF43:
 1560 043b 55494E54 		.ascii	"UINT64\000"
 1560      363400
 1561              	.LASF19:
 1562 0442 7573625F 		.ascii	"usb_cmd_ts\000"
 1562      636D645F 
 1562      747300
 1563              	.LASF28:
 1564 044d 636F6D6D 		.ascii	"command\000"
 1564      616E6400 
 1565              		.ident	"GCC: (GNU Tools for ARM Embedded Processors) 5.4.1 20160609 (release) [ARM/embedded-5-bran
