ARM GAS  C:\Users\pajoh\AppData\Local\Temp\cc9RipRR.s 			page 1


   1              		.syntax unified
   2              		.cpu cortex-m3
   3              		.fpu softvfp
   4              		.eabi_attribute 20, 1
   5              		.eabi_attribute 21, 1
   6              		.eabi_attribute 23, 3
   7              		.eabi_attribute 24, 1
   8              		.eabi_attribute 25, 1
   9              		.eabi_attribute 26, 1
  10              		.eabi_attribute 30, 1
  11              		.eabi_attribute 34, 1
  12              		.eabi_attribute 18, 4
  13              		.thumb
  14              		.syntax unified
  15              		.file	"USBFS_descr.c"
  16              		.text
  17              	.Ltext0:
  18              		.cfi_sections	.debug_frame
  19              		.global	USBFS_TABLE
  20              		.global	USBFS_DEVICE0_TABLE
  21              		.global	USBFS_DEVICE0_CONFIGURATION0_TABLE
  22              		.global	USBFS_DEVICE0_CONFIGURATION0_INTERFACE_CLASS
  23              		.global	USBFS_DEVICE0_CONFIGURATION0_EP_SETTINGS_TABLE
  24              		.global	USBFS_STRING_DESCRIPTORS
  25              		.global	USBFS_DEVICE0_CONFIGURATION0_DESCR
  26              		.global	USBFS_DEVICE0_DESCR
  27              		.section	.rodata
  28              		.align	2
  29              		.type	USBFS_TABLE, %object
  30              		.size	USBFS_TABLE, 8
  31              	USBFS_TABLE:
  32 0000 01       		.byte	1
  33 0001 000000   		.space	3
  34 0004 00000000 		.word	USBFS_DEVICE0_TABLE
  35              		.type	USBFS_DEVICE0_TABLE, %object
  36              		.size	USBFS_DEVICE0_TABLE, 24
  37              	USBFS_DEVICE0_TABLE:
  38 0008 01       		.byte	1
  39 0009 000000   		.space	3
  40 000c 00000000 		.word	USBFS_DEVICE0_DESCR
  41 0010 00       		.byte	0
  42 0011 000000   		.space	3
  43 0014 00000000 		.word	0
  44 0018 01       		.byte	1
  45 0019 000000   		.space	3
  46 001c 00000000 		.word	USBFS_DEVICE0_CONFIGURATION0_TABLE
  47              		.type	USBFS_DEVICE0_CONFIGURATION0_TABLE, %object
  48              		.size	USBFS_DEVICE0_CONFIGURATION0_TABLE, 32
  49              	USBFS_DEVICE0_CONFIGURATION0_TABLE:
  50 0020 01       		.byte	1
  51 0021 000000   		.space	3
  52 0024 00000000 		.word	USBFS_DEVICE0_CONFIGURATION0_DESCR
  53 0028 04       		.byte	4
  54 0029 000000   		.space	3
  55 002c 00000000 		.word	USBFS_DEVICE0_CONFIGURATION0_EP_SETTINGS_TABLE
  56 0030 00       		.byte	0
  57 0031 000000   		.space	3
ARM GAS  C:\Users\pajoh\AppData\Local\Temp\cc9RipRR.s 			page 2


  58 0034 00000000 		.word	0
  59 0038 00       		.byte	0
  60 0039 000000   		.space	3
  61 003c 00000000 		.word	USBFS_DEVICE0_CONFIGURATION0_INTERFACE_CLASS
  62              		.type	USBFS_DEVICE0_CONFIGURATION0_INTERFACE_CLASS, %object
  63              		.size	USBFS_DEVICE0_CONFIGURATION0_INTERFACE_CLASS, 1
  64              	USBFS_DEVICE0_CONFIGURATION0_INTERFACE_CLASS:
  65 0040 FF       		.byte	-1
  66 0041 000000   		.space	3
  67              		.type	USBFS_DEVICE0_CONFIGURATION0_EP_SETTINGS_TABLE, %object
  68              		.size	USBFS_DEVICE0_CONFIGURATION0_EP_SETTINGS_TABLE, 32
  69              	USBFS_DEVICE0_CONFIGURATION0_EP_SETTINGS_TABLE:
  70 0044 00       		.byte	0
  71 0045 00       		.byte	0
  72 0046 81       		.byte	-127
  73 0047 02       		.byte	2
  74 0048 4000     		.short	64
  75 004a FF       		.byte	-1
  76 004b 00       		.space	1
  77 004c 00       		.byte	0
  78 004d 00       		.byte	0
  79 004e 02       		.byte	2
  80 004f 02       		.byte	2
  81 0050 4000     		.short	64
  82 0052 FF       		.byte	-1
  83 0053 00       		.space	1
  84 0054 00       		.byte	0
  85 0055 00       		.byte	0
  86 0056 83       		.byte	-125
  87 0057 02       		.byte	2
  88 0058 4000     		.short	64
  89 005a FF       		.byte	-1
  90 005b 00       		.space	1
  91 005c 00       		.byte	0
  92 005d 00       		.byte	0
  93 005e 04       		.byte	4
  94 005f 02       		.byte	2
  95 0060 4000     		.short	64
  96 0062 FF       		.byte	-1
  97 0063 00       		.space	1
  98              		.type	USBFS_STRING_DESCRIPTORS, %object
  99              		.size	USBFS_STRING_DESCRIPTORS, 97
 100              	USBFS_STRING_DESCRIPTORS:
 101 0064 04       		.byte	4
 102 0065 03       		.byte	3
 103 0066 09       		.byte	9
 104 0067 04       		.byte	4
 105 0068 10       		.byte	16
 106 0069 03       		.byte	3
 107 006a 43       		.byte	67
 108 006b 00       		.byte	0
 109 006c 79       		.byte	121
 110 006d 00       		.byte	0
 111 006e 70       		.byte	112
 112 006f 00       		.byte	0
 113 0070 72       		.byte	114
 114 0071 00       		.byte	0
ARM GAS  C:\Users\pajoh\AppData\Local\Temp\cc9RipRR.s 			page 3


 115 0072 65       		.byte	101
 116 0073 00       		.byte	0
 117 0074 73       		.byte	115
 118 0075 00       		.byte	0
 119 0076 73       		.byte	115
 120 0077 00       		.byte	0
 121 0078 14       		.byte	20
 122 0079 03       		.byte	3
 123 007a 42       		.byte	66
 124 007b 00       		.byte	0
 125 007c 55       		.byte	85
 126 007d 00       		.byte	0
 127 007e 4C       		.byte	76
 128 007f 00       		.byte	0
 129 0080 4B       		.byte	75
 130 0081 00       		.byte	0
 131 0082 20       		.byte	32
 132 0083 00       		.byte	0
 133 0084 74       		.byte	116
 134 0085 00       		.byte	0
 135 0086 65       		.byte	101
 136 0087 00       		.byte	0
 137 0088 73       		.byte	115
 138 0089 00       		.byte	0
 139 008a 74       		.byte	116
 140 008b 00       		.byte	0
 141 008c 1E       		.byte	30
 142 008d 03       		.byte	3
 143 008e 53       		.byte	83
 144 008f 00       		.byte	0
 145 0090 74       		.byte	116
 146 0091 00       		.byte	0
 147 0092 72       		.byte	114
 148 0093 00       		.byte	0
 149 0094 65       		.byte	101
 150 0095 00       		.byte	0
 151 0096 61       		.byte	97
 152 0097 00       		.byte	0
 153 0098 6D       		.byte	109
 154 0099 00       		.byte	0
 155 009a 69       		.byte	105
 156 009b 00       		.byte	0
 157 009c 6E       		.byte	110
 158 009d 00       		.byte	0
 159 009e 67       		.byte	103
 160 009f 00       		.byte	0
 161 00a0 20       		.byte	32
 162 00a1 00       		.byte	0
 163 00a2 44       		.byte	68
 164 00a3 00       		.byte	0
 165 00a4 61       		.byte	97
 166 00a5 00       		.byte	0
 167 00a6 74       		.byte	116
 168 00a7 00       		.byte	0
 169 00a8 61       		.byte	97
 170 00a9 00       		.byte	0
 171 00aa 1A       		.byte	26
ARM GAS  C:\Users\pajoh\AppData\Local\Temp\cc9RipRR.s 			page 4


 172 00ab 03       		.byte	3
 173 00ac 43       		.byte	67
 174 00ad 00       		.byte	0
 175 00ae 6F       		.byte	111
 176 00af 00       		.byte	0
 177 00b0 6E       		.byte	110
 178 00b1 00       		.byte	0
 179 00b2 74       		.byte	116
 180 00b3 00       		.byte	0
 181 00b4 72       		.byte	114
 182 00b5 00       		.byte	0
 183 00b6 6F       		.byte	111
 184 00b7 00       		.byte	0
 185 00b8 6C       		.byte	108
 186 00b9 00       		.byte	0
 187 00ba 20       		.byte	32
 188 00bb 00       		.byte	0
 189 00bc 44       		.byte	68
 190 00bd 00       		.byte	0
 191 00be 61       		.byte	97
 192 00bf 00       		.byte	0
 193 00c0 74       		.byte	116
 194 00c1 00       		.byte	0
 195 00c2 61       		.byte	97
 196 00c3 00       		.byte	0
 197 00c4 00       		.byte	0
 198 00c5 000000   		.space	3
 199              		.type	USBFS_DEVICE0_CONFIGURATION0_DESCR, %object
 200              		.size	USBFS_DEVICE0_CONFIGURATION0_DESCR, 46
 201              	USBFS_DEVICE0_CONFIGURATION0_DESCR:
 202 00c8 09       		.byte	9
 203 00c9 02       		.byte	2
 204 00ca 2E       		.byte	46
 205 00cb 00       		.byte	0
 206 00cc 01       		.byte	1
 207 00cd 01       		.byte	1
 208 00ce 00       		.byte	0
 209 00cf 80       		.byte	-128
 210 00d0 19       		.byte	25
 211 00d1 09       		.byte	9
 212 00d2 04       		.byte	4
 213 00d3 00       		.byte	0
 214 00d4 00       		.byte	0
 215 00d5 04       		.byte	4
 216 00d6 FF       		.byte	-1
 217 00d7 00       		.byte	0
 218 00d8 00       		.byte	0
 219 00d9 03       		.byte	3
 220 00da 07       		.byte	7
 221 00db 05       		.byte	5
 222 00dc 81       		.byte	-127
 223 00dd 02       		.byte	2
 224 00de 40       		.byte	64
 225 00df 00       		.byte	0
 226 00e0 00       		.byte	0
 227 00e1 07       		.byte	7
 228 00e2 05       		.byte	5
ARM GAS  C:\Users\pajoh\AppData\Local\Temp\cc9RipRR.s 			page 5


 229 00e3 02       		.byte	2
 230 00e4 02       		.byte	2
 231 00e5 40       		.byte	64
 232 00e6 00       		.byte	0
 233 00e7 00       		.byte	0
 234 00e8 07       		.byte	7
 235 00e9 05       		.byte	5
 236 00ea 83       		.byte	-125
 237 00eb 02       		.byte	2
 238 00ec 40       		.byte	64
 239 00ed 00       		.byte	0
 240 00ee 00       		.byte	0
 241 00ef 07       		.byte	7
 242 00f0 05       		.byte	5
 243 00f1 04       		.byte	4
 244 00f2 02       		.byte	2
 245 00f3 40       		.byte	64
 246 00f4 00       		.byte	0
 247 00f5 00       		.byte	0
 248 00f6 0000     		.space	2
 249              		.type	USBFS_DEVICE0_DESCR, %object
 250              		.size	USBFS_DEVICE0_DESCR, 18
 251              	USBFS_DEVICE0_DESCR:
 252 00f8 12       		.byte	18
 253 00f9 01       		.byte	1
 254 00fa 00       		.byte	0
 255 00fb 02       		.byte	2
 256 00fc FF       		.byte	-1
 257 00fd 00       		.byte	0
 258 00fe 00       		.byte	0
 259 00ff 08       		.byte	8
 260 0100 B4       		.byte	-76
 261 0101 04       		.byte	4
 262 0102 10       		.byte	16
 263 0103 00       		.byte	0
 264 0104 00       		.byte	0
 265 0105 00       		.byte	0
 266 0106 01       		.byte	1
 267 0107 02       		.byte	2
 268 0108 00       		.byte	0
 269 0109 01       		.byte	1
 270              		.text
 271              	.Letext0:
 272              		.file 1 "Generated_Source\\PSoC5\\cytypes.h"
 273              		.file 2 "Generated_Source\\PSoC5\\USBFS.h"
 274              		.file 3 "Generated_Source\\PSoC5\\USBFS_descr.c"
 275              		.section	.debug_info,"",%progbits
 276              	.Ldebug_info0:
 277 0000 67020000 		.4byte	0x267
 278 0004 0400     		.2byte	0x4
 279 0006 00000000 		.4byte	.Ldebug_abbrev0
 280 000a 04       		.byte	0x4
 281 000b 01       		.uleb128 0x1
 282 000c 8A000000 		.4byte	.LASF33
 283 0010 0C       		.byte	0xc
 284 0011 03020000 		.4byte	.LASF34
 285 0015 B7020000 		.4byte	.LASF35
ARM GAS  C:\Users\pajoh\AppData\Local\Temp\cc9RipRR.s 			page 6


 286 0019 00000000 		.4byte	.Ldebug_line0
 287 001d 02       		.uleb128 0x2
 288 001e 01       		.byte	0x1
 289 001f 06       		.byte	0x6
 290 0020 AB020000 		.4byte	.LASF0
 291 0024 02       		.uleb128 0x2
 292 0025 01       		.byte	0x1
 293 0026 08       		.byte	0x8
 294 0027 5F010000 		.4byte	.LASF1
 295 002b 02       		.uleb128 0x2
 296 002c 02       		.byte	0x2
 297 002d 05       		.byte	0x5
 298 002e 7C020000 		.4byte	.LASF2
 299 0032 02       		.uleb128 0x2
 300 0033 02       		.byte	0x2
 301 0034 07       		.byte	0x7
 302 0035 4D000000 		.4byte	.LASF3
 303 0039 02       		.uleb128 0x2
 304 003a 04       		.byte	0x4
 305 003b 05       		.byte	0x5
 306 003c 96020000 		.4byte	.LASF4
 307 0040 02       		.uleb128 0x2
 308 0041 04       		.byte	0x4
 309 0042 07       		.byte	0x7
 310 0043 CD010000 		.4byte	.LASF5
 311 0047 02       		.uleb128 0x2
 312 0048 08       		.byte	0x8
 313 0049 05       		.byte	0x5
 314 004a 52020000 		.4byte	.LASF6
 315 004e 02       		.uleb128 0x2
 316 004f 08       		.byte	0x8
 317 0050 07       		.byte	0x7
 318 0051 EC010000 		.4byte	.LASF7
 319 0055 03       		.uleb128 0x3
 320 0056 04       		.byte	0x4
 321 0057 05       		.byte	0x5
 322 0058 696E7400 		.ascii	"int\000"
 323 005c 02       		.uleb128 0x2
 324 005d 04       		.byte	0x4
 325 005e 07       		.byte	0x7
 326 005f DF010000 		.4byte	.LASF8
 327 0063 04       		.uleb128 0x4
 328 0064 86020000 		.4byte	.LASF9
 329 0068 01       		.byte	0x1
 330 0069 E401     		.2byte	0x1e4
 331 006b 24000000 		.4byte	0x24
 332 006f 04       		.uleb128 0x4
 333 0070 74010000 		.4byte	.LASF10
 334 0074 01       		.byte	0x1
 335 0075 E501     		.2byte	0x1e5
 336 0077 32000000 		.4byte	0x32
 337 007b 02       		.uleb128 0x2
 338 007c 04       		.byte	0x4
 339 007d 04       		.byte	0x4
 340 007e 60000000 		.4byte	.LASF11
 341 0082 02       		.uleb128 0x2
 342 0083 08       		.byte	0x8
ARM GAS  C:\Users\pajoh\AppData\Local\Temp\cc9RipRR.s 			page 7


 343 0084 04       		.byte	0x4
 344 0085 6D010000 		.4byte	.LASF12
 345 0089 02       		.uleb128 0x2
 346 008a 01       		.byte	0x1
 347 008b 08       		.byte	0x8
 348 008c 6C020000 		.4byte	.LASF13
 349 0090 02       		.uleb128 0x2
 350 0091 08       		.byte	0x8
 351 0092 04       		.byte	0x4
 352 0093 9F020000 		.4byte	.LASF14
 353 0097 02       		.uleb128 0x2
 354 0098 04       		.byte	0x4
 355 0099 07       		.byte	0x7
 356 009a 49020000 		.4byte	.LASF15
 357 009e 05       		.uleb128 0x5
 358 009f 08       		.byte	0x8
 359 00a0 02       		.byte	0x2
 360 00a1 97       		.byte	0x97
 361 00a2 EF000000 		.4byte	0xef
 362 00a6 06       		.uleb128 0x6
 363 00a7 8C020000 		.4byte	.LASF16
 364 00ab 02       		.byte	0x2
 365 00ac 99       		.byte	0x99
 366 00ad 63000000 		.4byte	0x63
 367 00b1 00       		.byte	0
 368 00b2 06       		.uleb128 0x6
 369 00b3 66000000 		.4byte	.LASF17
 370 00b7 02       		.byte	0x2
 371 00b8 9A       		.byte	0x9a
 372 00b9 63000000 		.4byte	0x63
 373 00bd 01       		.byte	0x1
 374 00be 06       		.uleb128 0x6
 375 00bf 46010000 		.4byte	.LASF18
 376 00c3 02       		.byte	0x2
 377 00c4 9B       		.byte	0x9b
 378 00c5 63000000 		.4byte	0x63
 379 00c9 02       		.byte	0x2
 380 00ca 06       		.uleb128 0x6
 381 00cb 18010000 		.4byte	.LASF19
 382 00cf 02       		.byte	0x2
 383 00d0 9C       		.byte	0x9c
 384 00d1 63000000 		.4byte	0x63
 385 00d5 03       		.byte	0x3
 386 00d6 06       		.uleb128 0x6
 387 00d7 71020000 		.4byte	.LASF20
 388 00db 02       		.byte	0x2
 389 00dc 9D       		.byte	0x9d
 390 00dd 6F000000 		.4byte	0x6f
 391 00e1 04       		.byte	0x4
 392 00e2 06       		.uleb128 0x6
 393 00e3 07030000 		.4byte	.LASF21
 394 00e7 02       		.byte	0x2
 395 00e8 9E       		.byte	0x9e
 396 00e9 63000000 		.4byte	0x63
 397 00ed 06       		.byte	0x6
 398 00ee 00       		.byte	0
 399 00ef 07       		.uleb128 0x7
ARM GAS  C:\Users\pajoh\AppData\Local\Temp\cc9RipRR.s 			page 8


 400 00f0 2F020000 		.4byte	.LASF22
 401 00f4 02       		.byte	0x2
 402 00f5 9F       		.byte	0x9f
 403 00f6 9E000000 		.4byte	0x9e
 404 00fa 05       		.uleb128 0x5
 405 00fb 08       		.byte	0x8
 406 00fc 02       		.byte	0x2
 407 00fd AE       		.byte	0xae
 408 00fe 19010000 		.4byte	0x119
 409 0102 08       		.uleb128 0x8
 410 0103 6300     		.ascii	"c\000"
 411 0105 02       		.byte	0x2
 412 0106 B0       		.byte	0xb0
 413 0107 63000000 		.4byte	0x63
 414 010b 00       		.byte	0
 415 010c 06       		.uleb128 0x6
 416 010d 28020000 		.4byte	.LASF23
 417 0111 02       		.byte	0x2
 418 0112 B1       		.byte	0xb1
 419 0113 19010000 		.4byte	0x119
 420 0117 04       		.byte	0x4
 421 0118 00       		.byte	0
 422 0119 09       		.uleb128 0x9
 423 011a 04       		.byte	0x4
 424 011b 1F010000 		.4byte	0x11f
 425 011f 0A       		.uleb128 0xa
 426 0120 07       		.uleb128 0x7
 427 0121 60020000 		.4byte	.LASF24
 428 0125 02       		.byte	0x2
 429 0126 B2       		.byte	0xb2
 430 0127 FA000000 		.4byte	0xfa
 431 012b 0B       		.uleb128 0xb
 432 012c 3B010000 		.4byte	0x13b
 433 0130 3B010000 		.4byte	0x13b
 434 0134 0C       		.uleb128 0xc
 435 0135 97000000 		.4byte	0x97
 436 0139 11       		.byte	0x11
 437 013a 00       		.byte	0
 438 013b 0D       		.uleb128 0xd
 439 013c 63000000 		.4byte	0x63
 440 0140 0E       		.uleb128 0xe
 441 0141 00000000 		.4byte	.LASF25
 442 0145 03       		.byte	0x3
 443 0146 24       		.byte	0x24
 444 0147 51010000 		.4byte	0x151
 445 014b 05       		.uleb128 0x5
 446 014c 03       		.byte	0x3
 447 014d 00000000 		.4byte	USBFS_DEVICE0_DESCR
 448 0151 0D       		.uleb128 0xd
 449 0152 2B010000 		.4byte	0x12b
 450 0156 0B       		.uleb128 0xb
 451 0157 3B010000 		.4byte	0x13b
 452 015b 66010000 		.4byte	0x166
 453 015f 0C       		.uleb128 0xc
 454 0160 97000000 		.4byte	0x97
 455 0164 2D       		.byte	0x2d
 456 0165 00       		.byte	0
ARM GAS  C:\Users\pajoh\AppData\Local\Temp\cc9RipRR.s 			page 9


 457 0166 0E       		.uleb128 0xe
 458 0167 AA010000 		.4byte	.LASF26
 459 016b 03       		.byte	0x3
 460 016c 37       		.byte	0x37
 461 016d 77010000 		.4byte	0x177
 462 0171 05       		.uleb128 0x5
 463 0172 03       		.byte	0x3
 464 0173 00000000 		.4byte	USBFS_DEVICE0_CONFIGURATION0_DESCR
 465 0177 0D       		.uleb128 0xd
 466 0178 56010000 		.4byte	0x156
 467 017c 0B       		.uleb128 0xb
 468 017d 8C010000 		.4byte	0x18c
 469 0181 8C010000 		.4byte	0x18c
 470 0185 0C       		.uleb128 0xc
 471 0186 97000000 		.4byte	0x97
 472 018a 03       		.byte	0x3
 473 018b 00       		.byte	0
 474 018c 0D       		.uleb128 0xd
 475 018d EF000000 		.4byte	0xef
 476 0191 0E       		.uleb128 0xe
 477 0192 7B010000 		.4byte	.LASF27
 478 0196 03       		.byte	0x3
 479 0197 A8       		.byte	0xa8
 480 0198 A2010000 		.4byte	0x1a2
 481 019c 05       		.uleb128 0x5
 482 019d 03       		.byte	0x3
 483 019e 00000000 		.4byte	USBFS_DEVICE0_CONFIGURATION0_EP_SETTINGS_TABLE
 484 01a2 0D       		.uleb128 0xd
 485 01a3 7C010000 		.4byte	0x17c
 486 01a7 0B       		.uleb128 0xb
 487 01a8 3B010000 		.4byte	0x13b
 488 01ac B7010000 		.4byte	0x1b7
 489 01b0 0C       		.uleb128 0xc
 490 01b1 97000000 		.4byte	0x97
 491 01b5 00       		.byte	0
 492 01b6 00       		.byte	0
 493 01b7 0E       		.uleb128 0xe
 494 01b8 14000000 		.4byte	.LASF28
 495 01bc 03       		.byte	0x3
 496 01bd AF       		.byte	0xaf
 497 01be C8010000 		.4byte	0x1c8
 498 01c2 05       		.uleb128 0x5
 499 01c3 03       		.byte	0x3
 500 01c4 00000000 		.4byte	USBFS_DEVICE0_CONFIGURATION0_INTERFACE_CLASS
 501 01c8 0D       		.uleb128 0xd
 502 01c9 A7010000 		.4byte	0x1a7
 503 01cd 0B       		.uleb128 0xb
 504 01ce DD010000 		.4byte	0x1dd
 505 01d2 DD010000 		.4byte	0x1dd
 506 01d6 0C       		.uleb128 0xc
 507 01d7 97000000 		.4byte	0x97
 508 01db 03       		.byte	0x3
 509 01dc 00       		.byte	0
 510 01dd 0D       		.uleb128 0xd
 511 01de 20010000 		.4byte	0x120
 512 01e2 0E       		.uleb128 0xe
 513 01e3 23010000 		.4byte	.LASF29
ARM GAS  C:\Users\pajoh\AppData\Local\Temp\cc9RipRR.s 			page 10


 514 01e7 03       		.byte	0x3
 515 01e8 B7       		.byte	0xb7
 516 01e9 F3010000 		.4byte	0x1f3
 517 01ed 05       		.uleb128 0x5
 518 01ee 03       		.byte	0x3
 519 01ef 00000000 		.4byte	USBFS_DEVICE0_CONFIGURATION0_TABLE
 520 01f3 0D       		.uleb128 0xd
 521 01f4 CD010000 		.4byte	0x1cd
 522 01f8 0B       		.uleb128 0xb
 523 01f9 DD010000 		.4byte	0x1dd
 524 01fd 08020000 		.4byte	0x208
 525 0201 0C       		.uleb128 0xc
 526 0202 97000000 		.4byte	0x97
 527 0206 02       		.byte	0x2
 528 0207 00       		.byte	0
 529 0208 0E       		.uleb128 0xe
 530 0209 4B010000 		.4byte	.LASF30
 531 020d 03       		.byte	0x3
 532 020e C1       		.byte	0xc1
 533 020f 19020000 		.4byte	0x219
 534 0213 05       		.uleb128 0x5
 535 0214 03       		.byte	0x3
 536 0215 00000000 		.4byte	USBFS_DEVICE0_TABLE
 537 0219 0D       		.uleb128 0xd
 538 021a F8010000 		.4byte	0x1f8
 539 021e 0B       		.uleb128 0xb
 540 021f DD010000 		.4byte	0x1dd
 541 0223 2E020000 		.4byte	0x22e
 542 0227 0C       		.uleb128 0xc
 543 0228 97000000 		.4byte	0x97
 544 022c 00       		.byte	0
 545 022d 00       		.byte	0
 546 022e 0E       		.uleb128 0xe
 547 022f 41000000 		.4byte	.LASF31
 548 0233 03       		.byte	0x3
 549 0234 C9       		.byte	0xc9
 550 0235 3F020000 		.4byte	0x23f
 551 0239 05       		.uleb128 0x5
 552 023a 03       		.byte	0x3
 553 023b 00000000 		.4byte	USBFS_TABLE
 554 023f 0D       		.uleb128 0xd
 555 0240 1E020000 		.4byte	0x21e
 556 0244 0B       		.uleb128 0xb
 557 0245 3B010000 		.4byte	0x13b
 558 0249 54020000 		.4byte	0x254
 559 024d 0C       		.uleb128 0xc
 560 024e 97000000 		.4byte	0x97
 561 0252 60       		.byte	0x60
 562 0253 00       		.byte	0
 563 0254 0E       		.uleb128 0xe
 564 0255 71000000 		.4byte	.LASF32
 565 0259 03       		.byte	0x3
 566 025a 75       		.byte	0x75
 567 025b 65020000 		.4byte	0x265
 568 025f 05       		.uleb128 0x5
 569 0260 03       		.byte	0x3
 570 0261 00000000 		.4byte	USBFS_STRING_DESCRIPTORS
ARM GAS  C:\Users\pajoh\AppData\Local\Temp\cc9RipRR.s 			page 11


 571 0265 0D       		.uleb128 0xd
 572 0266 44020000 		.4byte	0x244
 573 026a 00       		.byte	0
 574              		.section	.debug_abbrev,"",%progbits
 575              	.Ldebug_abbrev0:
 576 0000 01       		.uleb128 0x1
 577 0001 11       		.uleb128 0x11
 578 0002 01       		.byte	0x1
 579 0003 25       		.uleb128 0x25
 580 0004 0E       		.uleb128 0xe
 581 0005 13       		.uleb128 0x13
 582 0006 0B       		.uleb128 0xb
 583 0007 03       		.uleb128 0x3
 584 0008 0E       		.uleb128 0xe
 585 0009 1B       		.uleb128 0x1b
 586 000a 0E       		.uleb128 0xe
 587 000b 10       		.uleb128 0x10
 588 000c 17       		.uleb128 0x17
 589 000d 00       		.byte	0
 590 000e 00       		.byte	0
 591 000f 02       		.uleb128 0x2
 592 0010 24       		.uleb128 0x24
 593 0011 00       		.byte	0
 594 0012 0B       		.uleb128 0xb
 595 0013 0B       		.uleb128 0xb
 596 0014 3E       		.uleb128 0x3e
 597 0015 0B       		.uleb128 0xb
 598 0016 03       		.uleb128 0x3
 599 0017 0E       		.uleb128 0xe
 600 0018 00       		.byte	0
 601 0019 00       		.byte	0
 602 001a 03       		.uleb128 0x3
 603 001b 24       		.uleb128 0x24
 604 001c 00       		.byte	0
 605 001d 0B       		.uleb128 0xb
 606 001e 0B       		.uleb128 0xb
 607 001f 3E       		.uleb128 0x3e
 608 0020 0B       		.uleb128 0xb
 609 0021 03       		.uleb128 0x3
 610 0022 08       		.uleb128 0x8
 611 0023 00       		.byte	0
 612 0024 00       		.byte	0
 613 0025 04       		.uleb128 0x4
 614 0026 16       		.uleb128 0x16
 615 0027 00       		.byte	0
 616 0028 03       		.uleb128 0x3
 617 0029 0E       		.uleb128 0xe
 618 002a 3A       		.uleb128 0x3a
 619 002b 0B       		.uleb128 0xb
 620 002c 3B       		.uleb128 0x3b
 621 002d 05       		.uleb128 0x5
 622 002e 49       		.uleb128 0x49
 623 002f 13       		.uleb128 0x13
 624 0030 00       		.byte	0
 625 0031 00       		.byte	0
 626 0032 05       		.uleb128 0x5
 627 0033 13       		.uleb128 0x13
ARM GAS  C:\Users\pajoh\AppData\Local\Temp\cc9RipRR.s 			page 12


 628 0034 01       		.byte	0x1
 629 0035 0B       		.uleb128 0xb
 630 0036 0B       		.uleb128 0xb
 631 0037 3A       		.uleb128 0x3a
 632 0038 0B       		.uleb128 0xb
 633 0039 3B       		.uleb128 0x3b
 634 003a 0B       		.uleb128 0xb
 635 003b 01       		.uleb128 0x1
 636 003c 13       		.uleb128 0x13
 637 003d 00       		.byte	0
 638 003e 00       		.byte	0
 639 003f 06       		.uleb128 0x6
 640 0040 0D       		.uleb128 0xd
 641 0041 00       		.byte	0
 642 0042 03       		.uleb128 0x3
 643 0043 0E       		.uleb128 0xe
 644 0044 3A       		.uleb128 0x3a
 645 0045 0B       		.uleb128 0xb
 646 0046 3B       		.uleb128 0x3b
 647 0047 0B       		.uleb128 0xb
 648 0048 49       		.uleb128 0x49
 649 0049 13       		.uleb128 0x13
 650 004a 38       		.uleb128 0x38
 651 004b 0B       		.uleb128 0xb
 652 004c 00       		.byte	0
 653 004d 00       		.byte	0
 654 004e 07       		.uleb128 0x7
 655 004f 16       		.uleb128 0x16
 656 0050 00       		.byte	0
 657 0051 03       		.uleb128 0x3
 658 0052 0E       		.uleb128 0xe
 659 0053 3A       		.uleb128 0x3a
 660 0054 0B       		.uleb128 0xb
 661 0055 3B       		.uleb128 0x3b
 662 0056 0B       		.uleb128 0xb
 663 0057 49       		.uleb128 0x49
 664 0058 13       		.uleb128 0x13
 665 0059 00       		.byte	0
 666 005a 00       		.byte	0
 667 005b 08       		.uleb128 0x8
 668 005c 0D       		.uleb128 0xd
 669 005d 00       		.byte	0
 670 005e 03       		.uleb128 0x3
 671 005f 08       		.uleb128 0x8
 672 0060 3A       		.uleb128 0x3a
 673 0061 0B       		.uleb128 0xb
 674 0062 3B       		.uleb128 0x3b
 675 0063 0B       		.uleb128 0xb
 676 0064 49       		.uleb128 0x49
 677 0065 13       		.uleb128 0x13
 678 0066 38       		.uleb128 0x38
 679 0067 0B       		.uleb128 0xb
 680 0068 00       		.byte	0
 681 0069 00       		.byte	0
 682 006a 09       		.uleb128 0x9
 683 006b 0F       		.uleb128 0xf
 684 006c 00       		.byte	0
ARM GAS  C:\Users\pajoh\AppData\Local\Temp\cc9RipRR.s 			page 13


 685 006d 0B       		.uleb128 0xb
 686 006e 0B       		.uleb128 0xb
 687 006f 49       		.uleb128 0x49
 688 0070 13       		.uleb128 0x13
 689 0071 00       		.byte	0
 690 0072 00       		.byte	0
 691 0073 0A       		.uleb128 0xa
 692 0074 26       		.uleb128 0x26
 693 0075 00       		.byte	0
 694 0076 00       		.byte	0
 695 0077 00       		.byte	0
 696 0078 0B       		.uleb128 0xb
 697 0079 01       		.uleb128 0x1
 698 007a 01       		.byte	0x1
 699 007b 49       		.uleb128 0x49
 700 007c 13       		.uleb128 0x13
 701 007d 01       		.uleb128 0x1
 702 007e 13       		.uleb128 0x13
 703 007f 00       		.byte	0
 704 0080 00       		.byte	0
 705 0081 0C       		.uleb128 0xc
 706 0082 21       		.uleb128 0x21
 707 0083 00       		.byte	0
 708 0084 49       		.uleb128 0x49
 709 0085 13       		.uleb128 0x13
 710 0086 2F       		.uleb128 0x2f
 711 0087 0B       		.uleb128 0xb
 712 0088 00       		.byte	0
 713 0089 00       		.byte	0
 714 008a 0D       		.uleb128 0xd
 715 008b 26       		.uleb128 0x26
 716 008c 00       		.byte	0
 717 008d 49       		.uleb128 0x49
 718 008e 13       		.uleb128 0x13
 719 008f 00       		.byte	0
 720 0090 00       		.byte	0
 721 0091 0E       		.uleb128 0xe
 722 0092 34       		.uleb128 0x34
 723 0093 00       		.byte	0
 724 0094 03       		.uleb128 0x3
 725 0095 0E       		.uleb128 0xe
 726 0096 3A       		.uleb128 0x3a
 727 0097 0B       		.uleb128 0xb
 728 0098 3B       		.uleb128 0x3b
 729 0099 0B       		.uleb128 0xb
 730 009a 49       		.uleb128 0x49
 731 009b 13       		.uleb128 0x13
 732 009c 3F       		.uleb128 0x3f
 733 009d 19       		.uleb128 0x19
 734 009e 02       		.uleb128 0x2
 735 009f 18       		.uleb128 0x18
 736 00a0 00       		.byte	0
 737 00a1 00       		.byte	0
 738 00a2 00       		.byte	0
 739              		.section	.debug_aranges,"",%progbits
 740 0000 14000000 		.4byte	0x14
 741 0004 0200     		.2byte	0x2
ARM GAS  C:\Users\pajoh\AppData\Local\Temp\cc9RipRR.s 			page 14


 742 0006 00000000 		.4byte	.Ldebug_info0
 743 000a 04       		.byte	0x4
 744 000b 00       		.byte	0
 745 000c 0000     		.2byte	0
 746 000e 0000     		.2byte	0
 747 0010 00000000 		.4byte	0
 748 0014 00000000 		.4byte	0
 749              		.section	.debug_line,"",%progbits
 750              	.Ldebug_line0:
 751 0000 59000000 		.section	.debug_str,"MS",%progbits,1
 751      02005300 
 751      00000201 
 751      FB0E0D00 
 751      01010101 
 752              	.LASF25:
 753 0000 55534246 		.ascii	"USBFS_DEVICE0_DESCR\000"
 753      535F4445 
 753      56494345 
 753      305F4445 
 753      53435200 
 754              	.LASF28:
 755 0014 55534246 		.ascii	"USBFS_DEVICE0_CONFIGURATION0_INTERFACE_CLASS\000"
 755      535F4445 
 755      56494345 
 755      305F434F 
 755      4E464947 
 756              	.LASF31:
 757 0041 55534246 		.ascii	"USBFS_TABLE\000"
 757      535F5441 
 757      424C4500 
 758              	.LASF3:
 759 004d 73686F72 		.ascii	"short unsigned int\000"
 759      7420756E 
 759      7369676E 
 759      65642069 
 759      6E7400
 760              	.LASF11:
 761 0060 666C6F61 		.ascii	"float\000"
 761      7400
 762              	.LASF17:
 763 0066 616C7453 		.ascii	"altSetting\000"
 763      65747469 
 763      6E6700
 764              	.LASF32:
 765 0071 55534246 		.ascii	"USBFS_STRING_DESCRIPTORS\000"
 765      535F5354 
 765      52494E47 
 765      5F444553 
 765      43524950 
 766              	.LASF33:
 767 008a 474E5520 		.ascii	"GNU C11 5.4.1 20160609 (release) [ARM/embedded-5-br"
 767      43313120 
 767      352E342E 
 767      31203230 
 767      31363036 
 768 00bd 616E6368 		.ascii	"anch revision 237715] -mcpu=cortex-m3 -mthumb -g -O"
 768      20726576 
ARM GAS  C:\Users\pajoh\AppData\Local\Temp\cc9RipRR.s 			page 15


 768      6973696F 
 768      6E203233 
 768      37373135 
 769 00f0 67202D66 		.ascii	"g -ffunction-sections -ffat-lto-objects\000"
 769      66756E63 
 769      74696F6E 
 769      2D736563 
 769      74696F6E 
 770              	.LASF19:
 771 0118 61747472 		.ascii	"attributes\000"
 771      69627574 
 771      657300
 772              	.LASF29:
 773 0123 55534246 		.ascii	"USBFS_DEVICE0_CONFIGURATION0_TABLE\000"
 773      535F4445 
 773      56494345 
 773      305F434F 
 773      4E464947 
 774              	.LASF18:
 775 0146 61646472 		.ascii	"addr\000"
 775      00
 776              	.LASF30:
 777 014b 55534246 		.ascii	"USBFS_DEVICE0_TABLE\000"
 777      535F4445 
 777      56494345 
 777      305F5441 
 777      424C4500 
 778              	.LASF1:
 779 015f 756E7369 		.ascii	"unsigned char\000"
 779      676E6564 
 779      20636861 
 779      7200
 780              	.LASF12:
 781 016d 646F7562 		.ascii	"double\000"
 781      6C6500
 782              	.LASF10:
 783 0174 75696E74 		.ascii	"uint16\000"
 783      313600
 784              	.LASF27:
 785 017b 55534246 		.ascii	"USBFS_DEVICE0_CONFIGURATION0_EP_SETTINGS_TABLE\000"
 785      535F4445 
 785      56494345 
 785      305F434F 
 785      4E464947 
 786              	.LASF26:
 787 01aa 55534246 		.ascii	"USBFS_DEVICE0_CONFIGURATION0_DESCR\000"
 787      535F4445 
 787      56494345 
 787      305F434F 
 787      4E464947 
 788              	.LASF5:
 789 01cd 6C6F6E67 		.ascii	"long unsigned int\000"
 789      20756E73 
 789      69676E65 
 789      6420696E 
 789      7400
 790              	.LASF8:
ARM GAS  C:\Users\pajoh\AppData\Local\Temp\cc9RipRR.s 			page 16


 791 01df 756E7369 		.ascii	"unsigned int\000"
 791      676E6564 
 791      20696E74 
 791      00
 792              	.LASF7:
 793 01ec 6C6F6E67 		.ascii	"long long unsigned int\000"
 793      206C6F6E 
 793      6720756E 
 793      7369676E 
 793      65642069 
 794              	.LASF34:
 795 0203 47656E65 		.ascii	"Generated_Source\\PSoC5\\USBFS_descr.c\000"
 795      72617465 
 795      645F536F 
 795      75726365 
 795      5C50536F 
 796              	.LASF23:
 797 0228 705F6C69 		.ascii	"p_list\000"
 797      737400
 798              	.LASF22:
 799 022f 545F5553 		.ascii	"T_USBFS_EP_SETTINGS_BLOCK\000"
 799      4246535F 
 799      45505F53 
 799      45545449 
 799      4E47535F 
 800              	.LASF15:
 801 0249 73697A65 		.ascii	"sizetype\000"
 801      74797065 
 801      00
 802              	.LASF6:
 803 0252 6C6F6E67 		.ascii	"long long int\000"
 803      206C6F6E 
 803      6720696E 
 803      7400
 804              	.LASF24:
 805 0260 545F5553 		.ascii	"T_USBFS_LUT\000"
 805      4246535F 
 805      4C555400 
 806              	.LASF13:
 807 026c 63686172 		.ascii	"char\000"
 807      00
 808              	.LASF20:
 809 0271 62756666 		.ascii	"bufferSize\000"
 809      65725369 
 809      7A6500
 810              	.LASF2:
 811 027c 73686F72 		.ascii	"short int\000"
 811      7420696E 
 811      7400
 812              	.LASF9:
 813 0286 75696E74 		.ascii	"uint8\000"
 813      3800
 814              	.LASF16:
 815 028c 696E7465 		.ascii	"interface\000"
 815      72666163 
 815      6500
 816              	.LASF4:
ARM GAS  C:\Users\pajoh\AppData\Local\Temp\cc9RipRR.s 			page 17


 817 0296 6C6F6E67 		.ascii	"long int\000"
 817      20696E74 
 817      00
 818              	.LASF14:
 819 029f 6C6F6E67 		.ascii	"long double\000"
 819      20646F75 
 819      626C6500 
 820              	.LASF0:
 821 02ab 7369676E 		.ascii	"signed char\000"
 821      65642063 
 821      68617200 
 822              	.LASF35:
 823 02b7 433A5C55 		.ascii	"C:\\Users\\pajoh\\projects\\PSoC-data-plotting\\USB"
 823      73657273 
 823      5C70616A 
 823      6F685C70 
 823      726F6A65 
 824 02e5 5C637970 		.ascii	"\\cypress\\USB_data\\USB_first.cydsn\000"
 824      72657373 
 824      5C555342 
 824      5F646174 
 824      615C5553 
 825              	.LASF21:
 826 0307 624D6973 		.ascii	"bMisc\000"
 826      6300
 827              		.ident	"GCC: (GNU Tools for ARM Embedded Processors) 5.4.1 20160609 (release) [ARM/embedded-5-bran
